/work3/s174139/Master_Thesis/MagFace-main/Master_thesis_data_prep
Starting fine tuner script...
PATHHHH /work3/s174139/Master_Thesis/MagFace-main
=> parse the args ...
wandb: Currently logged in as: gabriella-angela (fair_face_recognition). Use `wandb login --relogin` to force relogin
wandb: Tracking run with wandb version 0.17.0
wandb: Run data is saved locally in /work3/s174139/Master_Thesis/MagFace-main/Master_thesis_data_prep/wandb/run-20240528_183701-qq0v47uq
wandb: Run `wandb offline` to turn off syncing.
wandb: Syncing run magface-fine-tuner
wandb: ⭐️ View project at https://wandb.ai/fair_face_recognition/face-rec-models
wandb: 🚀 View run at https://wandb.ai/fair_face_recognition/face-rec-models/runs/qq0v47uq
{'arc_scale': 64,
 'arch': 'iresnet18',
 'batch_size': 256,
 'cpu_mode': '0',
 'embedding_size': 512,
 'epochs': 2,
 'l_a': 10.0,
 'l_margin': 0.45,
 'lambda_g': 35.0,
 'last_fc_size': 823,
 'lr': 0.01,
 'lr_drop_epoch': [2],
 'lr_drop_ratio': 0.1,
 'momentum': 0.9,
 'pretrained': '../models/magface_iresnet18_casia_dp.pth',
 'print_freq': 10,
 'pth_save_epoch': 1,
 'pth_save_fold': './test/',
 'start_epoch': 0,
 'train_list': '../../data/data_full/HDA_processed_cluster_magface/fine_tune_train_list_magface_correct_index_tester.list',
 'u_a': 110.0,
 'u_margin': 0.8,
 'vis_mag': 1,
 'weight_decay': 0.0005,
 'workers': 4}
min lambda g is 22.586666666666673, currrent lambda is 35.0
=> torch version : 2.2.1+cu121
=> ngpus : 1
=> modeling the network ...
=> loading pth from ../models/magface_iresnet18_casia_dp.pth ...
cpu!!!
K?  features.weight
new KK 2 fc.weight
=> fc.weight not loaded! Model params: 188, loaded params: 187
=> FREEZING ALL LAYERS EXCEPT fc ...
NAME FC? module.fc.weight
=> building the optimizer ...
SGD (
Parameter Group 0
    dampening: 0
    differentiable: False
    foreach: None
    lr: 0.01
    maximize: False
    momentum: 0.9
    nesterov: False
    weight_decay: 0.0005
)
=> building the dataloader ...
TRAIN LOADER???? <torch.utils.data.dataloader.DataLoader object at 0x7f86938dba00> ARGS: are workers and batch size and train list
=> building the criterion ...
=> starting training engine ...
[codecarbon WARNING @ 18:37:09] Invalid gpu_ids format. Expected a string or a list of ints.
[codecarbon INFO @ 18:37:09] [setup] RAM Tracking...
[codecarbon INFO @ 18:37:09] [setup] GPU Tracking...
[codecarbon INFO @ 18:37:09] Tracking Nvidia GPU via pynvml
[codecarbon INFO @ 18:37:09] [setup] CPU Tracking...
[codecarbon WARNING @ 18:37:09] No CPU tracking mode found. Falling back on CPU constant mode.
[codecarbon WARNING @ 18:37:11] We saw that you have a Intel(R) Xeon(R) Gold 6226R CPU @ 2.90GHz but we don't know it. Please contact us.
[codecarbon INFO @ 18:37:11] CPU Model on constant consumption mode: Intel(R) Xeon(R) Gold 6226R CPU @ 2.90GHz
[codecarbon INFO @ 18:37:11] >>> Tracker's metadata:
[codecarbon INFO @ 18:37:11]   Platform system: Linux-5.4.273-1.el7.elrepo.x86_64-x86_64-with-glibc2.17
[codecarbon INFO @ 18:37:11]   Python version: 3.10.13
[codecarbon INFO @ 18:37:11]   CodeCarbon version: 2.4.1
[codecarbon INFO @ 18:37:11]   Available RAM : 755.555 GB
[codecarbon INFO @ 18:37:11]   CPU count: 32
[codecarbon INFO @ 18:37:11]   CPU model: Intel(R) Xeon(R) Gold 6226R CPU @ 2.90GHz
[codecarbon INFO @ 18:37:11]   GPU count: 1
[codecarbon INFO @ 18:37:11]   GPU model: 1 x NVIDIA A100-PCIE-40GB
LEN TRAIN LOADER: 57
TARGETS!! 794
TARGETS!! 447
TARGETS!! 597
TARGETS!! 232
TARGETS!!TARGETS!!TARGETS!! 748TARGETS!!
 123 307

 498
TARGETS!! 314
TARGETS!! 280
TARGETS!! 235
TARGETS!! 97
TARGETS!! 675
TARGETS!! 540
TARGETS!! 212
TARGETS!! 406
TARGETS!! 390
TARGETS!! 296
TARGETS!! 391
TARGETS!! 664
TARGETS!! 81
TARGETS!! 407
TARGETS!! 282
TARGETS!! 86
TARGETS!! 792
TARGETS!! 804
TARGETS!! 667
TARGETS!! 429
TARGETS!! 800
TARGETS!! 24
TARGETS!! 557
TARGETS!! 442
TARGETS!! 209
TARGETS!! 454
TARGETS!! 687
TARGETS!! 428
TARGETS!! 616
TARGETS!! 461
TARGETS!! 513
TARGETS!! 701
TARGETS!! 802
TARGETS!! 612
TARGETS!! 177
TARGETS!! 140
TARGETS!! 473
TARGETS!! 714
TARGETS!! 58
TARGETS!! 301
TARGETS!! 401
TARGETS!! 349
TARGETS!! 14
TARGETS!! 582
TARGETS!! 204
TARGETS!! 629
TARGETS!! 786
TARGETS!! 617
TARGETS!! 166
TARGETS!! 204
TARGETS!! 49
TARGETS!! 578
TARGETS!! 690
TARGETS!! 549
TARGETS!! 787
TARGETS!! 69
TARGETS!! 666
TARGETS!! 360
TARGETS!! 35
TARGETS!! 33
TARGETS!! 353
TARGETS!! 470
TARGETS!! 521
TARGETS!! 512
TARGETS!! 142
TARGETS!! 555
TARGETS!! 417
TARGETS!! 122
TARGETS!! 351
TARGETS!! 642
TARGETS!! 591
TARGETS!! 172
TARGETS!! 23
TARGETS!! 666
TARGETS!! 381
TARGETS!! 642
TARGETS!! 427
TARGETS!! 289
TARGETS!! 258
TARGETS!! 270
TARGETS!! 386
TARGETS!! 288
TARGETS!! 226
TARGETS!! 445
TARGETS!! 249
TARGETS!! 792
TARGETS!! 324
TARGETS!! 208
TARGETS!! 565
TARGETS!! 326
TARGETS!! 748
TARGETS!! 121
TARGETS!!TARGETS!! 456 
410
TARGETS!! 352
TARGETS!! 624
TARGETS!! 1
TARGETS!! 98
TARGETS!! 769
TARGETS!! 211
TARGETS!! 687
TARGETS!! 546
TARGETS!! 680
TARGETS!! 743
TARGETS!! 598
TARGETS!! 229
TARGETS!! 417
TARGETS!! 798
TARGETS!! 678
TARGETS!! 482
TARGETS!! 105
TARGETS!! 633
TARGETS!! 532
TARGETS!! 771
TARGETS!! 17
TARGETS!! 716
TARGETS!! 702
TARGETS!! 135
TARGETS!! 733
TARGETS!! 629
TARGETS!! 262
TARGETS!! 517
TARGETS!! 338
TARGETS!! 402
TARGETS!! 250
TARGETS!! 121
TARGETS!! 317
TARGETS!! 96
TARGETS!! 648
TARGETS!! 312
TARGETS!! 95
TARGETS!! 618
TARGETS!! 417
TARGETS!! 104
TARGETS!! 804
TARGETS!! 31
TARGETS!! 159
TARGETS!! 655
TARGETS!! 790
TARGETS!! 368
TARGETS!! 334
TARGETS!! 221
TARGETS!! 735
TARGETS!! 195
[ WARN:0@63.289] global loadsave.cpp:248 findDecoder imread_('../../data/data_full/HDA_processed_cluster_magface/images/5170140_13_M_indian_17.jpg'): can't open/read file: check file path/integrity
Warning: Image at path ../../data/data_full/HDA_processed_cluster_magface/images/5170140_13_M_indian_17.jpg could not be loaded.
TARGETS!! 363
TARGETS!! 496
TARGETS!! 725
TARGETS!! 535
TARGETS!! 521
TARGETS!! 295
TARGETS!! 1
TARGETS!! 750
TARGETS!! 316
TARGETS!! 111
TARGETS!! 810
TARGETS!! 666
TARGETS!! 786
TARGETS!! 139
TARGETS!! 191
TARGETS!! 20
TARGETS!! 258
TARGETS!! 757
TARGETS!! 771
TARGETS!! 21
TARGETS!! 24
TARGETS!! 519
TARGETS!! 817
TARGETS!! 406
TARGETS!! 392
TARGETS!! 260
TARGETS!! 331
TARGETS!! 381
TARGETS!! 150
TARGETS!! 461
TARGETS!! 653
TARGETS!! 726
TARGETS!! 248
TARGETS!! 382
TARGETS!! 229
TARGETS!! 537
TARGETS!! 207
TARGETS!! 27
TARGETS!! 437
TARGETS!! 641
TARGETS!! 729
TARGETS!! 177
TARGETS!! 652
TARGETS!! 112
TARGETS!! 297
TARGETS!! 687
TARGETS!! 649
TARGETS!! 432
TARGETS!! 107
TARGETS!! 581
TARGETS!! 143
TARGETS!! 332
TARGETS!! 51
TARGETS!! 349
TARGETS!! 621
TARGETS!! 662
TARGETS!! 254
TARGETS!! 411
TARGETS!! 414
TARGETS!! 141
TARGETS!! 565
TARGETS!! 224
TARGETS!! 37
TARGETS!! 575
TARGETS!! 523
TARGETS!! 103
TARGETS!! 329
TARGETS!! 535
TARGETS!! 698
TARGETS!! 527
TARGETS!! 103
TARGETS!! 269
TARGETS!! 513
TARGETS!! 347
TARGETS!! 718
TARGETS!! 314
TARGETS!! 765
TARGETS!! 361
TARGETS!! 247
TARGETS!! 16
TARGETS!! 350
TARGETS!! 645
TARGETS!! 218
TARGETS!! 60
TARGETS!! 535
TARGETS!! 603
TARGETS!! 504
TARGETS!! 597
TARGETS!! 485
TARGETS!! 330
TARGETS!! 376
TARGETS!! 796
TARGETS!! 290
TARGETS!! 756
TARGETS!! 546
TARGETS!! 616
TARGETS!! 356
TARGETS!! 351
TARGETS!! 114
TARGETS!! 91
TARGETS!! 111
TARGETS!! 484
TARGETS!! 743
TARGETS!! 666
TARGETS!! 490
TARGETS!! 460
TARGETS!! 178
TARGETS!! 96
TARGETS!! 770
TARGETS!! 37
TARGETS!! 739
TARGETS!! 733
TARGETS!! 271
TARGETS!! 689
TARGETS!! 786
TARGETS!! 292
TARGETS!! 403
TARGETS!! 217
TARGETS!! 479
TARGETS!! 664
TARGETS!! 173
TARGETS!! 430
TARGETS!! 435
TARGETS!! 202
TARGETS!! 100
TARGETS!! 477
TARGETS!! 531
TARGETS!! 363
TARGETS!! 275
TARGETS!! 339
TARGETS!! 194
TARGETS!! 816
TARGETS!! 682
TARGETS!! 592
TARGETS!! 488
TARGETS!! 292
TARGETS!! 590
TARGETS!! 471
TARGETS!! 563
TARGETS!! 478
TARGETS!! 417
TARGETS!! 654
TARGETS!! 233
TARGETS!! 731
TARGETS!! 340
TARGETS!! 389
TARGETS!! 708
TARGETS!! 479
TARGETS!! 110
TARGETS!! 612
TARGETS!! 794
TARGETS!! 559
TARGETS!! 508
TARGETS!! 622
TARGETS!! 471
TARGETS!! 537
TARGETS!! 103
TARGETS!! 457
TARGETS!! 361
TARGETS!! 483
TARGETS!! 466
TARGETS!! 42
TARGETS!! 709
TARGETS!! 663
TARGETS!! 167
TARGETS!! 550
TARGETS!! 230
TARGETS!! 315
TARGETS!! 412
TARGETS!! 152
TARGETS!! 24
TARGETS!! 152
TARGETS!! 162
TARGETS!! 161
TARGETS!! 77
TARGETS!! 793
TARGETS!! 554
TARGETS!! 506
TARGETS!! 226
TARGETS!! 262
TARGETS!! 537
TARGETS!! 202
TARGETS!! 775
TARGETS!! 115
TARGETS!! 583
TARGETS!! 305
TARGETS!! 575
TARGETS!! 319
TARGETS!! 340
TARGETS!! 630
TARGETS!! 609
TARGETS!! 528
TARGETS!! 193
TARGETS!! 335
TARGETS!! 11
TARGETS!! 126
TARGETS!! 61
TARGETS!! 119
TARGETS!! 5
TARGETS!! 667
TARGETS!! 556
TARGETS!! 629
TARGETS!! 435
TARGETS!! 135
TARGETS!! 541
TARGETS!! 308
TARGETS!! 494
TARGETS!! 207
TARGETS!! 169
TARGETS!! 40
TARGETS!! 410
TARGETS!! 365
TARGETS!! 179
TARGETS!! 273
TARGETS!! 43
TARGETS!! 361
TARGETS!! 22
TARGETS!! 649
TARGETS!! 46
TARGETS!! 609
TARGETS!! 478
TARGETS!! 706
TARGETS!! 224
TARGETS!! 650
TARGETS!! 179
TARGETS!! 409
TARGETS!! 225
TARGETS!! 10
TARGETS!! 147
TARGETS!! 606
TARGETS!! 299
TARGETS!! 668
TARGETS!! 87
TARGETS!! 96
TARGETS!! 688
TARGETS!! 793
TARGETS!! 209
TARGETS!! 532
TARGETS!! 610
TARGETS!! 585
TARGETS!! 432
TARGETS!! 83
TARGETS!! 285
TARGETS!! 49
TARGETS!! 404
TARGETS!! 215
TARGETS!! 415
TARGETS!! 264
TARGETS!! 581
TARGETS!! 299
TARGETS!! 589
TARGETS!! 276
TARGETS!! 755
TARGETS!! 814
TARGETS!! 425
TARGETS!! 772
TARGETS!! 205
TARGETS!! 183
TARGETS!! 647
TARGETS!! 531
TARGETS!! 20
TARGETS!! 537
TARGETS!! 689
TARGETS!! 151
TARGETS!! 642
TARGETS!! 489
TARGETS!! 51
TARGETS!! 771
TARGETS!! 494
TARGETS!! 53
TARGETS!! 708
TARGETS!! 803
TARGETS!! 383
TARGETS!! 494
TARGETS!! 382
TARGETS!! 205
TARGETS!! 97
TARGETS!! 512
TARGETS!! 393
TARGETS!! 331
TARGETS!! 443
TARGETS!! 115
TARGETS!! 533
TARGETS!! 664
TARGETS!! 695
TARGETS!! 223
TARGETS!! 442
TARGETS!! 195
TARGETS!! 315
TARGETS!! 557
TARGETS!! 759
TARGETS!! 455
TARGETS!! 575
TARGETS!! 719
TARGETS!! 97
TARGETS!! 682
TARGETS!! 363
TARGETS!! 781
TARGETS!! 405
TARGETS!! 483
TARGETS!! 177
TARGETS!! 419
TARGETS!! 45
TARGETS!! 586
TARGETS!! 760
TARGETS!! 518
TARGETS!! 185
TARGETS!! 9
TARGETS!! 216
TARGETS!! 396
TARGETS!! 465
TARGETS!! 378
TARGETS!! 274
TARGETS!! 387
TARGETS!! 145
TARGETS!! 131
TARGETS!! 383
TARGETS!! 14
TARGETS!! 78
TARGETS!! 174
TARGETS!! 474
TARGETS!! 410
TARGETS!! 89
TARGETS!! 568
TARGETS!! 324
TARGETS!! 58
TARGETS!! 632
TARGETS!! 252
TARGETS!! 509
TARGETS!! 448
TARGETS!! 36
TARGETS!! 242
TARGETS!! 715
TARGETS!! 284
TARGETS!! 576
TARGETS!! 253
TARGETS!! 789
TARGETS!! 60
TARGETS!! 640
TARGETS!! 769
TARGETS!! 161
TARGETS!! 164
TARGETS!! 466
TARGETS!! 81
TARGETS!! 672
TARGETS!! 350
TARGETS!! 80
TARGETS!! 528
TARGETS!! 106
TARGETS!! 156
TARGETS!! 744
TARGETS!! 346
TARGETS!! 634
TARGETS!! 382
TARGETS!! 225
TARGETS!! 145
TARGETS!! 393
TARGETS!! 10
TARGETS!! 66
TARGETS!! 248
TARGETS!! 561
TARGETS!! 664
TARGETS!! 129
TARGETS!! 193
TARGETS!! 465
TARGETS!! 573
TARGETS!! 611
TARGETS!! 733
TARGETS!! 589
TARGETS!! 673
TARGETS!! 286
TARGETS!! 45
TARGETS!! 222
TARGETS!! 153
TARGETS!! 751
TARGETS!! 515
TARGETS!! 626
TARGETS!! 719
TARGETS!! 775
TARGETS!! 325
TARGETS!! 150
TARGETS!! 441
TARGETS!! 713
TARGETS!! 347
TARGETS!! 250
TARGETS!! 821
TARGETS!! 185
TARGETS!! 822
TARGETS!! 587
TARGETS!! 175
TARGETS!! 396
TARGETS!! 534
TARGETS!! 683
TARGETS!! 472
TARGETS!! 433
TARGETS!! 759
TARGETS!! 122
TARGETS!! 205
TARGETS!! 235
TARGETS!! 443
TARGETS!! 648
TARGETS!! 218
TARGETS!! 508
TARGETS!! 521
TARGETS!! 81
TARGETS!! 300
TARGETS!! 142
TARGETS!! 78
TARGETS!! 625
TARGETS!! 349
TARGETS!! 260
TARGETS!! 421
TARGETS!! 306
TARGETS!! 463
TARGETS!! 154
TARGETS!! 129
TARGETS!! 696
TARGETS!! 470
TARGETS!! 236
TARGETS!! 113
TARGETS!! 347
TARGETS!! 212
TARGETS!! 534
TARGETS!! 487
TARGETS!! 106
TARGETS!! 710
TARGETS!! 798
TARGETS!! 438
TARGETS!! 9
TARGETS!! 48
TARGETS!! 66
TARGETS!! 531
TARGETS!! 34
TARGETS!! 468
TARGETS!! 229
TARGETS!! 702
TARGETS!! 402
TARGETS!! 614
TARGETS!! 202
TARGETS!! 406
TARGETS!! 160
TARGETS!! 139
TARGETS!! 312
TARGETS!! 545
TARGETS!! 693
TARGETS!! 53
TARGETS!! 313
TARGETS!! 642
TARGETS!! 415
TARGETS!! 774
TARGETS!! 697
TARGETS!! 252
TARGETS!! 661
TARGETS!! 736
TARGETS!! 280
TARGETS!! 124
TARGETS!! 492
TARGETS!! 267
TARGETS!! 623
TARGETS!! 605
TARGETS!! 120
TARGETS!! 226
TARGETS!! 478
TARGETS!! 168
TARGETS!! 662
TARGETS!! 131
TARGETS!! 419
TARGETS!! 207
TARGETS!! 65
TARGETS!! 100
TARGETS!! 469
TARGETS!! 5
TARGETS!! 641
TARGETS!! 779
TARGETS!! 458
TARGETS!! 24
TARGETS!! 414
TARGETS!! 235
TARGETS!! 569
TARGETS!! 602
TARGETS!! 26
TARGETS!! 465
TARGETS!! 679
TARGETS!! 11
TARGETS!! 730
TARGETS!! 563
TARGETS!! 260
[ WARN:0@66.378] global loadsave.cpp:248 findDecoder imread_('../../data/data_full/HDA_processed_cluster_magface/images/2548845_15_M_middle-eastern_17.jpg'): can't open/read file: check file path/integrity
Warning: Image at path ../../data/data_full/HDA_processed_cluster_magface/images/2548845_15_M_middle-eastern_17.jpg could not be loaded.
TARGETS!! 756
TARGETS!! 338
TARGETS!! 597
TARGETS!! 623
TARGETS!! 315
TARGETS!! 116
TARGETS!! 621
TARGETS!! 21
TARGETS!! 795
TARGETS!! 67
TARGETS!! 249
TARGETS!! 785
TARGETS!! 434
TARGETS!! 430
TARGETS!! 296
TARGETS!! 184
TARGETS!! 822
TARGETS!! 325
TARGETS!! 414
TARGETS!! 191
TARGETS!! 182
TARGETS!! 797
TARGETS!! 167
TARGETS!! 282
TARGETS!! 737
TARGETS!! 705
TARGETS!! 180
TARGETS!! 181
TARGETS!! 357
TARGETS!! 215
TARGETS!! 769
TARGETS!! 608
TARGETS!! 385
TARGETS!! 556
TARGETS!! 640
TARGETS!! 562
TARGETS!! 26
TARGETS!! 219
TARGETS!! 188
TARGETS!! 817
TARGETS!! 595
TARGETS!! 26
TARGETS!! 557
TARGETS!! 243
TARGETS!! 511
TARGETS!! 465
TARGETS!! 69
TARGETS!! 548
TARGETS!! 33
TARGETS!! 817
TARGETS!! 617
TARGETS!! 474
TARGETS!! 316
TARGETS!! 392
TARGETS!! 696
TARGETS!! 113
TARGETS!! 540
TARGETS!! 345
TARGETS!! 91
TARGETS!! 643
TARGETS!! 447
TARGETS!! 543
TARGETS!! 237
TARGETS!! 39
TARGETS!! 181
TARGETS!! 669
TARGETS!! 247
TARGETS!! 22
TARGETS!! 114
TARGETS!! 663
TARGETS!! 295
TARGETS!! 184
TARGETS!! 217
TARGETS!! 305
TARGETS!! 76
TARGETS!! 21
TARGETS!! 176
TARGETS!! 236
TARGETS!! 509
TARGETS!! 760
TARGETS!! 583
TARGETS!! 626
TARGETS!! 814
TARGETS!! 528
TARGETS!! 419
TARGETS!! 365
TARGETS!! 647
TARGETS!! 477
TARGETS!! 452
TARGETS!! 597
TARGETS!! 408
TARGETS!! 522
TARGETS!! 434
TARGETS!! 310
TARGETS!! 88
TARGETS!! 208
TARGETS!! 283
TARGETS!! 528
TARGETS!! 34
TARGETS!! 390
TARGETS!! 560
TARGETS!! 387
TARGETS!! 738
TARGETS!! 76
TARGETS!! 7
TARGETS!! 466
TARGETS!! 640
TARGETS!! 736
TARGETS!! 444
TARGETS!! 333
TARGETS!! 65
TARGETS!! 0
TARGETS!! 318
TARGETS!! 221
TARGETS!! 819
TARGETS!! 554
TARGETS!! 723
TARGETS!! 803
TARGETS!! 256
TARGETS!! 300
TARGETS!! 39
TARGETS!! 626
TARGETS!! 423
TARGETS!! 373
[ WARN:0@66.842] global loadsave.cpp:248 findDecoder imread_('../../data/data_full/HDA_processed_cluster_magface/images/3107424_14_F_black_17.jpg'): can't open/read file: check file path/integrity
Warning: Image at path ../../data/data_full/HDA_processed_cluster_magface/images/3107424_14_F_black_17.jpg could not be loaded.
TARGETS!! 744
TARGETS!! 340
TARGETS!! 283
TARGETS!! 667
TARGETS!! 804
TARGETS!! 68
TARGETS!! 76
TARGETS!! 234
TARGETS!! 163
TARGETS!! 274
TARGETS!! 157
TARGETS!! 501
TARGETS!! 444
TARGETS!! 1
TARGETS!! 197
TARGETS!! 89
TARGETS!! 193
TARGETS!! 802
TARGETS!! 719
TARGETS!! 54
TARGETS!! 215
TARGETS!! 716
TARGETS!! 26
TARGETS!! 790
TARGETS!! 70
TARGETS!! 538
TARGETS!! 290
TARGETS!! 73
TARGETS!! 600
TARGETS!! 367
TARGETS!! 448
TARGETS!! 221
TARGETS!! 526
TARGETS!!TARGETS!!  93
310
TARGETS!! 569
TARGETS!! 596
TARGETS!! 60
TARGETS!! 521
TARGETS!! 157
TARGETS!! 246
TARGETS!! 448
TARGETS!! 564
TARGETS!! 17
TARGETS!! 638
TARGETS!! 412
TARGETS!! 204
TARGETS!! 354
TARGETS!! 786
TARGETS!! 804
TARGETS!! 39
TARGETS!! 514
TARGETS!! 624
TARGETS!! 419
TARGETS!! 717
TARGETS!! 261
TARGETS!! 272
TARGETS!! 477
TARGETS!! 623
TARGETS!! 470
TARGETS!! 362
TARGETS!! 82
TARGETS!! 217
TARGETS!! 717
TARGETS!! 197
TARGETS!! 126
TARGETS!! 233
TARGETS!! 87
TARGETS!! 344
TARGETS!! 43
TARGETS!! 670
TARGETS!! 310
TARGETS!! 219
TARGETS!! 776
TARGETS!! 730
TARGETS!! 587
TARGETS!! 223
TARGETS!! 120
TARGETS!! 0
TARGETS!! 123
TARGETS!! 655
TARGETS!! 468
TARGETS!! 599
TARGETS!! 116
TARGETS!! 345
TARGETS!! 191
TARGETS!! 759
TARGETS!! 364
TARGETS!! 781
TARGETS!! 354
TARGETS!! 185
TARGETS!! 61
TARGETS!! 511
TARGETS!! 262
TARGETS!! 713
TARGETS!! 533
TARGETS!! 622
TARGETS!! 578
TARGETS!! 807
TARGETS!! 761
TARGETS!! 607
TARGETS!! 423
TARGETS!! 320
TARGETS!! 753
TARGETS!! 717
TARGETS!! 471
TARGETS!! 545
TARGETS!! 399
TARGETS!! 430
TARGETS!! 78
TARGETS!! 553
TARGETS!! 96
TARGETS!! 405
TARGETS!! 152
TARGETS!! 131
TARGETS!! 417
TARGETS!! 98
TARGETS!! 32
TARGETS!! 399
TARGETS!! 735
TARGETS!! 666
TARGETS!! 770
TARGETS!! 539
TARGETS!! 787
TARGETS!! 170
TARGETS!! 251
TARGETS!! 622
TARGETS!! 688
TARGETS!! 614
TARGETS!! 48
TARGETS!! 183
TARGETS!! 764
TARGETS!! 372
TARGETS!! 541
TARGETS!! 419
TARGETS!! 162
TARGETS!! 306
TARGETS!! 466
TARGETS!! 365
TARGETS!! 150
TARGETS!! 20
TARGETS!! 126
TARGETS!! 457
TARGETS!! 470
TARGETS!! 2
TARGETS!! 397
TARGETS!! 629
TARGETS!! 336
TARGETS!! 621
TARGETS!! 342
TARGETS!! 153
TARGETS!! 618
TARGETS!! 42
TARGETS!! 325
TARGETS!! 488
TARGETS!! 459
TARGETS!! 702
TARGETS!! 555
TARGETS!! 356
TARGETS!! 722
TARGETS!! 91
TARGETS!! 571
TARGETS!! 436
TARGETS!! 460
TARGETS!! 604
TARGETS!! 820
TARGETS!! 27
TARGETS!! 716
TARGETS!! 784
TARGETS!! 662
TARGETS!! 344
TARGETS!! 266
TARGETS!! 657
TARGETS!! 437
TARGETS!! 163
TARGETS!! 433
TARGETS!! 546
TARGETS!! 169
TARGETS!! 369
TARGETS!! 414
TARGETS!! 332
TARGETS!! 64
TARGETS!! 751
TARGETS!! 626
TARGETS!! 332
TARGETS!! 52
TARGETS!! 288
TARGETS!! 86
TARGETS!! 55
TARGETS!! 713
TARGETS!! 226
TARGETS!! 162
TARGETS!! 163
TARGETS!! 351
TARGETS!! 388
TARGETS!! 580
TARGETS!! 170
TARGETS!! 394
TARGETS!! 338
TARGETS!! 728
TARGETS!! 38
TARGETS!! 408
TARGETS!! 762
TARGETS!! 673
TARGETS!! 544
TARGETS!! 405TARGETS!!
 552
TARGETS!! 444
TARGETS!! 649
TARGETS!! 19
TARGETS!! 37
TARGETS!! 465
TARGETS!! 471
TARGETS!! 23
TARGETS!! 581
TARGETS!! 138
TARGETS!! 102
TARGETS!! 708
TARGETS!! 104
TARGETS!! 549
TARGETS!! 768
TARGETS!! 552
TARGETS!! 284
TARGETS!! 655
TARGETS!! 243
TARGETS!! 48
TARGETS!! 292
TARGETS!! 694
TARGETS!! 54
TARGETS!! 311
TARGETS!! 683
TARGETS!! 748
TARGETS!! 325
TARGETS!! 536
TARGETS!! 121
TARGETS!! 531
TARGETS!! 360
TARGETS!! 322
TARGETS!! 575
TARGETS!! 789
TARGETS!! 711
TARGETS!! 724
TARGETS!! 316
TARGETS!! 118
TARGETS!! 410
TARGETS!! 107
TARGETS!! 69
TARGETS!! 758
TARGETS!! 484
TARGETS!! 703
TARGETS!! 498
TARGETS!! 214
TARGETS!! 560
TARGETS!! 507
TARGETS!! 47
TARGETS!! 177
TARGETS!! 423
TARGETS!! 369
TARGETS!! 55
TARGETS!! 310
TARGETS!! 744
TARGETS!! 324
TARGETS!! 699
TARGETS!! 654
TARGETS!! 677
TARGETS!! 585
TARGETS!! 188
TARGETS!! 13
TARGETS!! 255
TARGETS!! 124
TARGETS!! 740
TARGETS!! 701
TARGETS!! 334
TARGETS!! 620
TARGETS!! 58
TARGETS!! 325
TARGETS!! 304
TARGETS!! 524
TARGETS!! 685
TARGETS!! 141
TARGETS!! 41
TARGETS!! 511
TARGETS!! 675
TARGETS!! 396
TARGETS!! 22
TARGETS!! 196
TARGETS!! 547
TARGETS!! 256
TARGETS!! 317
TARGETS!! 358
TARGETS!! 47
TARGETS!! 659
TARGETS!! 641
TARGETS!! 729
TARGETS!! 583
TARGETS!! 779
TARGETS!! 20
TARGETS!! 343
TARGETS!! 306
TARGETS!! 279
TARGETS!! 45
TARGETS!! 275
TARGETS!! 298
TARGETS!! 113
TARGETS!! 469
TARGETS!! 306
TARGETS!! 95
TARGETS!! 770
TARGETS!! 307
TARGETS!! 738
TARGETS!! 198
Traceback (most recent call last):
TARGETS!! 675
  File "/work3/s174139/Master_Thesis/MagFace-main/Master_thesis_data_prep/../run/fine_tuner.py", line 436, in <module>
    main(args)
TARGETS!! 186
  File "/work3/s174139/Master_Thesis/MagFace-main/Master_thesis_data_prep/../run/fine_tuner.py", line 204, in main
    main_worker(args)
  File "/work3/s174139/Master_Thesis/MagFace-main/Master_thesis_data_prep/../run/fine_tuner.py", line 271, in main_worker
    co2_emission, top1, top5, losses_id = do_train(train_loader, model, criterion, optimizer, epoch, args)
  File "/work3/s174139/Master_Thesis/MagFace-main/Master_thesis_data_prep/../run/fine_tuner.py", line 329, in do_train
    for i, (input, target) in enumerate(train_loader):
  File "/work3/s174139/best_master_remote/lib/python3.10/site-packages/torch/utils/data/dataloader.py", line 631, in __next__
    data = self._next_data()
  File "/work3/s174139/best_master_remote/lib/python3.10/site-packages/torch/utils/data/dataloader.py", line 1346, in _next_data
    return self._process_data(data)
  File "/work3/s174139/best_master_remote/lib/python3.10/site-packages/torch/utils/data/dataloader.py", line 1372, in _process_data
    data.reraise()
  File "/work3/s174139/best_master_remote/lib/python3.10/site-packages/torch/_utils.py", line 722, in reraise
    raise exception
RuntimeError: Caught RuntimeError in DataLoader worker process 0.
Original Traceback (most recent call last):
  File "/work3/s174139/best_master_remote/lib/python3.10/site-packages/torch/utils/data/_utils/worker.py", line 308, in _worker_loop
    data = fetcher.fetch(index)
  File "/work3/s174139/best_master_remote/lib/python3.10/site-packages/torch/utils/data/_utils/fetch.py", line 54, in fetch
    return self.collate_fn(data)
  File "/work3/s174139/best_master_remote/lib/python3.10/site-packages/torch/utils/data/_utils/collate.py", line 277, in default_collate
    return collate(batch, collate_fn_map=default_collate_fn_map)
  File "/work3/s174139/best_master_remote/lib/python3.10/site-packages/torch/utils/data/_utils/collate.py", line 144, in collate
    return [collate(samples, collate_fn_map=collate_fn_map) for samples in transposed]  # Backwards compatibility.
  File "/work3/s174139/best_master_remote/lib/python3.10/site-packages/torch/utils/data/_utils/collate.py", line 144, in <listcomp>
    return [collate(samples, collate_fn_map=collate_fn_map) for samples in transposed]  # Backwards compatibility.
  File "/work3/s174139/best_master_remote/lib/python3.10/site-packages/torch/utils/data/_utils/collate.py", line 121, in collate
    return collate_fn_map[elem_type](batch, collate_fn_map=collate_fn_map)
  File "/work3/s174139/best_master_remote/lib/python3.10/site-packages/torch/utils/data/_utils/collate.py", line 174, in collate_tensor_fn
    return torch.stack(batch, 0, out=out)
RuntimeError: stack expects each tensor to be equal size, but got [3, 112, 112] at entry 0 and [3, 224, 224] at entry 156

TARGETS!!TARGETS!! 246
 612
TARGETS!! 626
TARGETS!! 122
TARGETS!! 622
TARGETS!! 319
TARGETS!! 133
TARGETS!! 151
TARGETS!! 282
TARGETS!! 571
TARGETS!! 730
TARGETS!! 416
TARGETS!! 475
TARGETS!! 593
TARGETS!! 210
TARGETS!! 707
TARGETS!! 812
TARGETS!! 313
TARGETS!! 70
TARGETS!! 560
TARGETS!! 755
TARGETS!! 47
TARGETS!! 241
TARGETS!! 634
TARGETS!! 493
TARGETS!! 539
TARGETS!! 91
TARGETS!! 693
TARGETS!! 392
TARGETS!! 642
TARGETS!! 76
TARGETS!! 523
TARGETS!! 543
TARGETS!! 62
TARGETS!! 323
TARGETS!! 253
TARGETS!! 7
TARGETS!! 246
TARGETS!! 791
TARGETS!! 228
TARGETS!! 535
TARGETS!! TARGETS!!343
 624
TARGETS!! 620
TARGETS!! 54
TARGETS!! 204
TARGETS!! 173
TARGETS!! 803
TARGETS!! 762
TARGETS!! 721
TARGETS!! 191
TARGETS!! 344
TARGETS!! 232
TARGETS!! 702
TARGETS!! 338
TARGETS!! 747
TARGETS!! 629
TARGETS!! 560
TARGETS!! 701
TARGETS!! 454
TARGETS!! 133
TARGETS!! 155
TARGETS!! 210
TARGETS!! 290
TARGETS!! 281
TARGETS!! 705
TARGETS!! 770
TARGETS!! 458
TARGETS!! 564
TARGETS!! 633
TARGETS!! 217
TARGETS!! 73
TARGETS!! 135
TARGETS!! 87
TARGETS!! 237
TARGETS!! 85
TARGETS!! 683
TARGETS!! 263
TARGETS!! 536
TARGETS!! 352
TARGETS!! 118
TARGETS!! 776
TARGETS!! 197
TARGETS!! 268
TARGETS!! 433
TARGETS!! 88
TARGETS!! 154
TARGETS!! 354
TARGETS!! 475
TARGETS!! 568
TARGETS!! 754
TARGETS!! 395
TARGETS!! 95
TARGETS!! 729
TARGETS!! 216
TARGETS!! 54
TARGETS!! 800
TARGETS!! 484
TARGETS!! 565
TARGETS!! 220
TARGETS!! 280
TARGETS!! 599
TARGETS!! 53
TARGETS!! 229
TARGETS!! 725
TARGETS!! 35
TARGETS!! 428
TARGETS!! 592
TARGETS!! 510
TARGETS!! 677
TARGETS!! 276
TARGETS!! 310
TARGETS!! 375
TARGETS!! 311
TARGETS!! 157
TARGETS!! 607
TARGETS!! 384
TARGETS!! 549
TARGETS!! 479
TARGETS!! 682
TARGETS!! 531
TARGETS!! 358
TARGETS!! 333
TARGETS!! 556
TARGETS!! 646
TARGETS!! 189
TARGETS!! 672
TARGETS!! 210
TARGETS!! 527
TARGETS!! 282
TARGETS!! 388
TARGETS!! 410
TARGETS!! 551
TARGETS!! 709
TARGETS!! 299
TARGETS!! 360
TARGETS!! 637
TARGETS!! 219
TARGETS!! 495
TARGETS!! 96
TARGETS!! 33
TARGETS!! 489
TARGETS!! 192
TARGETS!! 245
TARGETS!! 719
TARGETS!! 536
TARGETS!! 30
TARGETS!! 711
TARGETS!! 570
TARGETS!! 293
TARGETS!! 608
TARGETS!! 740
TARGETS!! 249
TARGETS!! 382
TARGETS!! 74
TARGETS!! 767
TARGETS!! 781
[ WARN:0@68.717] global loadsave.cpp:248 findDecoder imread_('../../data/data_full/HDA_processed_cluster_magface/images/5376689_13_F_indian_17.jpg'): can't open/read file: check file path/integrity
Warning: Image at path ../../data/data_full/HDA_processed_cluster_magface/images/5376689_13_F_indian_17.jpg could not be loaded.
TARGETS!! 300
TARGETS!! 581
TARGETS!! 490
TARGETS!! 252
TARGETS!! 624
TARGETS!! 255
TARGETS!! 536
TARGETS!! 456
TARGETS!! 118
TARGETS!! 667
TARGETS!! 64
TARGETS!! 335
TARGETS!! 553
TARGETS!! 574
TARGETS!! 37
TARGETS!! 208
TARGETS!! 363
TARGETS!! 733
TARGETS!! 137
TARGETS!! 126
TARGETS!! 810
TARGETS!! 496
TARGETS!! 488
TARGETS!! 571
TARGETS!! 387
TARGETS!! 303
TARGETS!! 645
TARGETS!! 228
TARGETS!! 630
TARGETS!! 781
TARGETS!! 201
TARGETS!! 49
TARGETS!! 746
TARGETS!! 564
TARGETS!! 92
TARGETS!! 539
TARGETS!! 132
TARGETS!! 542
TARGETS!! 360
TARGETS!! 548
TARGETS!! 483
TARGETS!! 171
TARGETS!! 372
TARGETS!! 117
TARGETS!! 658
TARGETS!! 300
TARGETS!! 203
TARGETS!! 702
TARGETS!! 243
TARGETS!! 818
TARGETS!! 727
TARGETS!! 669
TARGETS!! 374
TARGETS!! 668
TARGETS!! 701
TARGETS!! 704
TARGETS!! 210
TARGETS!! 491
TARGETS!! 361
TARGETS!! 730
TARGETS!! 638
TARGETS!! 377
TARGETS!! 598
TARGETS!! 61
TARGETS!! 283
TARGETS!! 444
TARGETS!! 665
TARGETS!! 325
TARGETS!! 679
TARGETS!! 558
TARGETS!! 11
TARGETS!! 344
TARGETS!! 31
TARGETS!! 100
TARGETS!! 613
TARGETS!! 283
TARGETS!! 745
TARGETS!! 17
TARGETS!! 609
TARGETS!! 330
TARGETS!! 399
TARGETS!! 35
TARGETS!! 657
TARGETS!! 151
TARGETS!! 463
TARGETS!! 160
TARGETS!! 402
TARGETS!! 513
TARGETS!! 520
TARGETS!! 742
TARGETS!! 569
TARGETS!! 488
TARGETS!!TARGETS!! 46
 781
TARGETS!! 478
TARGETS!! 52
TARGETS!! 796
TARGETS!! 470
[ WARN:0@69.122] global loadsave.cpp:248 findDecoder imread_('../../data/data_full/HDA_processed_cluster_magface/images/364059_14_F_latino-hispanic_17.jpg'): can't open/read file: check file path/integrity
Warning: Image at path ../../data/data_full/HDA_processed_cluster_magface/images/364059_14_F_latino-hispanic_17.jpg could not be loaded.
TARGETS!! 683
TARGETS!! 144
TARGETS!! 406
[ WARN:0@69.132] global loadsave.cpp:248 findDecoder imread_('../../data/data_full/HDA_processed_cluster_magface/images/3258014_15_M_asian_17.jpg'): can't open/read file: check file path/integrity
Warning: Image at path ../../data/data_full/HDA_processed_cluster_magface/images/3258014_15_M_asian_17.jpg could not be loaded.
TARGETS!! 144
TARGETS!! 723
TARGETS!! 427
TARGETS!! 316
TARGETS!! 503
TARGETS!! 650
TARGETS!! 625
TARGETS!! 223
TARGETS!! 152
TARGETS!! 359
TARGETS!! 368
TARGETS!! 379
TARGETS!! 741
TARGETS!! 248
TARGETS!! 173
TARGETS!! 490
TARGETS!! 25
TARGETS!! 753
TARGETS!! 227
TARGETS!! 214
TARGETS!! 476
TARGETS!! 508
TARGETS!! 95
TARGETS!! 299
TARGETS!! 805
TARGETS!! 481
TARGETS!! 624
TARGETS!! 381
TARGETS!! 432
TARGETS!! 16
TARGETS!! 130
TARGETS!! 535
TARGETS!! 770
TARGETS!! 507
TARGETS!! 295
TARGETS!! 43
TARGETS!! 400
TARGETS!! 718
TARGETS!! 147
TARGETS!! 808
TARGETS!! 196
TARGETS!! 527
TARGETS!! 659
TARGETS!! 269
TARGETS!! 302
TARGETS!! 710
TARGETS!! 647
TARGETS!! 8
TARGETS!! 304
TARGETS!! 623
TARGETS!! 277
TARGETS!! 48
TARGETS!! 730
TARGETS!! 77
TARGETS!! 540
TARGETS!! 268
TARGETS!! 510
TARGETS!! 31
TARGETS!! 606
TARGETS!! 353
TARGETS!! 561
TARGETS!! 698
TARGETS!! 453
TARGETS!! 230
TARGETS!! 477
TARGETS!! 355
TARGETS!! 726
TARGETS!! 304
TARGETS!! 779
TARGETS!! 602
TARGETS!! 712
TARGETS!! 560
TARGETS!! 645
TARGETS!! 100
TARGETS!! 722
TARGETS!! 415
TARGETS!! 18
TARGETS!! 131
TARGETS!! 10
TARGETS!! 715
TARGETS!! 345
TARGETS!! 174
TARGETS!! 503
TARGETS!! 560
TARGETS!! 193
TARGETS!! 53
TARGETS!! 420
TARGETS!! 184
TARGETS!! 641
TARGETS!! 777
TARGETS!! 514
TARGETS!! 66
TARGETS!! 352
TARGETS!! 741
TARGETS!! 574
TARGETS!! 105
TARGETS!! 593
TARGETS!! 359
TARGETS!! 559
TARGETS!! 450
TARGETS!! 820
TARGETS!! 366
TARGETS!! 333
TARGETS!! 510
TARGETS!! 759
TARGETS!! 324
TARGETS!! 456
TARGETS!! 84
TARGETS!! 678
TARGETS!! 819
TARGETS!! 764
TARGETS!! 293
TARGETS!! 526
TARGETS!! 312
TARGETS!! 549
TARGETS!! 483
TARGETS!! 247
TARGETS!! 215
TARGETS!! 233
TARGETS!! 266
TARGETS!! 665
TARGETS!! 306
TARGETS!! 595
TARGETS!! 686
TARGETS!! 820
TARGETS!! 603
TARGETS!! 370
TARGETS!! 198
TARGETS!! 345
TARGETS!! 579
TARGETS!! 704
TARGETS!! 689
TARGETS!! 521
TARGETS!! 24
TARGETS!! 685
TARGETS!! 698
TARGETS!! 164
TARGETS!! 475
TARGETS!! 396
TARGETS!! 736
TARGETS!! 373
TARGETS!! 739
TARGETS!! 721
TARGETS!! 269
TARGETS!! 423
TARGETS!! 582
TARGETS!! 657
TARGETS!! 396
TARGETS!! 416
TARGETS!! 399
TARGETS!! 209
TARGETS!! 680
TARGETS!! 250
TARGETS!! 181
TARGETS!! 787
TARGETS!! 359
TARGETS!! 214
TARGETS!! 464
TARGETS!! 320
TARGETS!! 30
TARGETS!! 353
TARGETS!! 617
TARGETS!! 281
TARGETS!! 343
TARGETS!! 14
TARGETS!! 200
TARGETS!! 470
TARGETS!! 170
TARGETS!! 201
TARGETS!! 242
TARGETS!! 604
TARGETS!! 793
TARGETS!! 207
TARGETS!! 469
TARGETS!! 251
TARGETS!! 784
TARGETS!! 238
TARGETS!! 694
TARGETS!! 611
TARGETS!! 104
TARGETS!! 174
TARGETS!! 6
TARGETS!! 342
TARGETS!! 463
TARGETS!! 137
TARGETS!! 237
TARGETS!! 249
TARGETS!! 178
TARGETS!! 716
TARGETS!! 21
TARGETS!! 166
TARGETS!! 197
TARGETS!! 425
TARGETS!! 25
TARGETS!! 160
TARGETS!! 442
TARGETS!! 609
TARGETS!! 51
TARGETS!! 12
TARGETS!! 233
TARGETS!! 690
TARGETS!! 591
TARGETS!! 135
TARGETS!! 27
TARGETS!! 484
TARGETS!! 799
TARGETS!! 224
TARGETS!! 424
TARGETS!! 663
TARGETS!! 115
TARGETS!! 517
TARGETS!! 136
TARGETS!! 286
TARGETS!! 478
TARGETS!! 245
TARGETS!! 346
TARGETS!! 145
TARGETS!! 202
TARGETS!! 479
TARGETS!! 477
TARGETS!! 490
TARGETS!! 706
TARGETS!! 83
TARGETS!! 103
TARGETS!! 40
TARGETS!! 287
TARGETS!! 433
TARGETS!! 225
TARGETS!! 388
TARGETS!! 673
TARGETS!! 797
TARGETS!! 275
TARGETS!! 62
TARGETS!! 160
TARGETS!! 548
TARGETS!! 48
TARGETS!! 366
TARGETS!! 269
TARGETS!! 9
wandb: - 0.006 MB of 0.006 MB uploadedTARGETS!! 84
TARGETS!! 184
TARGETS!! 774
TARGETS!! 29
TARGETS!! 802
TARGETS!! 64
TARGETS!! 612
TARGETS!! 731
TARGETS!! 551
TARGETS!! 68
TARGETS!! 83
TARGETS!! 792
TARGETS!! 818
TARGETS!! 331
TARGETS!! 648
TARGETS!! 780
TARGETS!! 307
TARGETS!! 377
TARGETS!! 295
TARGETS!! 80
TARGETS!! 784
TARGETS!! 585
TARGETS!! 395
TARGETS!! 99
TARGETS!! 631
TARGETS!! 495
TARGETS!! 413
TARGETS!! 54
TARGETS!! 27
TARGETS!! 43
TARGETS!! 13
TARGETS!! 626
TARGETS!! 8
TARGETS!! 51
TARGETS!! 173
TARGETS!! 590
TARGETS!! 693
TARGETS!! 207
TARGETS!! 109
TARGETS!! 281
TARGETS!! 134
TARGETS!! 389
TARGETS!! 226
TARGETS!! 734
TARGETS!! 519
TARGETS!! 273
TARGETS!! 640
TARGETS!! 757
TARGETS!! 138
TARGETS!! 587
TARGETS!! 245
TARGETS!! 693
TARGETS!! 392
TARGETS!! 133
TARGETS!! 305
TARGETS!! 104
TARGETS!! 420
TARGETS!! 453
TARGETS!! 228
TARGETS!! 73
TARGETS!! 376
TARGETS!! 459
TARGETS!! 489
TARGETS!! 72
TARGETS!! 391
TARGETS!! 15
TARGETS!! 477
TARGETS!! 671
TARGETS!! 128
TARGETS!! 18
TARGETS!! 679
TARGETS!! 24
TARGETS!! 722
TARGETS!! 817
TARGETS!! 732
TARGETS!! 660
TARGETS!! 290
TARGETS!! 612
TARGETS!! 794
TARGETS!! 757
TARGETS!! 293
TARGETS!! 379
TARGETS!! 102
[ WARN:0@70.563] global loadsave.cpp:248 findDecoder imread_('../../data/data_full/HDA_processed_cluster_magface/images/157805_13_F_indian_17.jpg'): can't open/read file: check file path/integrity
Warning: Image at path ../../data/data_full/HDA_processed_cluster_magface/images/157805_13_F_indian_17.jpg could not be loaded.
TARGETS!! 573
TARGETS!! 684
TARGETS!! 393
TARGETS!! 187
TARGETS!! 69
TARGETS!! 679
TARGETS!! 762
TARGETS!! 821
TARGETS!! 635
TARGETS!! 431
TARGETS!! 350
TARGETS!! 699
TARGETS!! 588
TARGETS!! 323
TARGETS!! 445
TARGETS!! 647
TARGETS!! 499
TARGETS!! 757
TARGETS!! 124
TARGETS!! 296
TARGETS!! 513
TARGETS!! 138
TARGETS!! 139
TARGETS!! 311
TARGETS!! 519
TARGETS!! 740
TARGETS!! 153
TARGETS!! 451
TARGETS!! 665
TARGETS!! 537
TARGETS!! 205
TARGETS!! 773
TARGETS!! 458
TARGETS!! 13
TARGETS!! 279
TARGETS!! 43
TARGETS!! 818
TARGETS!! 207
TARGETS!! 15
TARGETS!! 777
TARGETS!! 608
TARGETS!! 316
TARGETS!! 448
TARGETS!!TARGETS!!  355771

TARGETS!! 5
TARGETS!! 81
TARGETS!! 441
TARGETS!! 544
TARGETS!! 567
TARGETS!! 449
TARGETS!! 248
TARGETS!! 591
TARGETS!! 403
TARGETS!! 605
TARGETS!! 584
TARGETS!! 151
TARGETS!! 382
TARGETS!! 615
TARGETS!! 649
TARGETS!! 171
TARGETS!! 515
TARGETS!! 415
TARGETS!! 652
TARGETS!! 157
TARGETS!! 287
TARGETS!! 303
TARGETS!! 480
TARGETS!! 734
TARGETS!! 409
TARGETS!! 138
TARGETS!! 111
TARGETS!! 382
TARGETS!! 539
TARGETS!! 392
TARGETS!! 394
TARGETS!! 520
TARGETS!! 360
TARGETS!! 666
TARGETS!! 363
TARGETS!! 742
TARGETS!! 192
TARGETS!!TARGETS!! 369
 281
TARGETS!! 775
TARGETS!! 19
TARGETS!! 482
TARGETS!! 752
TARGETS!! 449
TARGETS!! 170
TARGETS!! 510
TARGETS!! 436
TARGETS!! 248
TARGETS!! 140
TARGETS!! 190
TARGETS!! 331
TARGETS!! 679
TARGETS!! 491
TARGETS!! 484
TARGETS!! 327
TARGETS!! 224
TARGETS!! 396
TARGETS!! 692
TARGETS!! 318
TARGETS!! 635
TARGETS!! 142
TARGETS!! 537
TARGETS!! 275
TARGETS!! 465
TARGETS!! 344
TARGETS!! 105
TARGETS!! 700
TARGETS!! 248
TARGETS!! 376
TARGETS!! 463
TARGETS!! 458
TARGETS!! 482
TARGETS!! 799
TARGETS!! 621
TARGETS!! 346
TARGETS!! 141
TARGETS!! 586
TARGETS!! 601
TARGETS!! 597
TARGETS!! 181
TARGETS!! 256
TARGETS!! 193
TARGETS!! 87
TARGETS!! 706
TARGETS!! 672
TARGETS!! 668
TARGETS!! 738
TARGETS!! 579
TARGETS!! 27
TARGETS!! 101
TARGETS!! 818
TARGETS!! 662
TARGETS!! 267
TARGETS!! 676
TARGETS!! 620
TARGETS!! 46
TARGETS!! 519
TARGETS!! 735
TARGETS!! 638
TARGETS!! 646
TARGETS!! 209
TARGETS!! 580
TARGETS!! 620
TARGETS!! 647
TARGETS!! 154
TARGETS!! 11
TARGETS!! 340
TARGETS!! 529
TARGETS!! 442
TARGETS!! 259
TARGETS!! 370
TARGETS!! 147
TARGETS!! 599
TARGETS!! 246
TARGETS!! 816
TARGETS!! 378
TARGETS!! 285
TARGETS!! 212
TARGETS!! 52
TARGETS!! 162
TARGETS!! 645
TARGETS!! 117
TARGETS!! 71
TARGETS!! 787
TARGETS!! 42
TARGETS!! 42
TARGETS!! 730
TARGETS!! 357
TARGETS!! 461
TARGETS!! 635
TARGETS!! 629
TARGETS!! 1
TARGETS!! 656
TARGETS!! 600
TARGETS!! 464
TARGETS!! 396
TARGETS!! 326
TARGETS!! 168
TARGETS!! 237
TARGETS!! 463
TARGETS!! 150
TARGETS!! 93
TARGETS!! 37
TARGETS!! 404
TARGETS!! 483
TARGETS!! 422
TARGETS!! 686
TARGETS!! 727
TARGETS!! 521
TARGETS!! 133
TARGETS!! 359
TARGETS!! 785
TARGETS!! 80
TARGETS!! 814
wandb: \ 0.006 MB of 0.006 MB uploadedTARGETS!! 92
TARGETS!! 495
TARGETS!! 620
TARGETS!! 528
TARGETS!! 188
TARGETS!! 497
TARGETS!! 109
TARGETS!! 406
TARGETS!! 727
TARGETS!! 142
TARGETS!! 540
TARGETS!! 404
TARGETS!! 386
TARGETS!! 62
TARGETS!! 504
TARGETS!! 15
TARGETS!! 667
TARGETS!! 427
TARGETS!! 385
TARGETS!! 808
TARGETS!! 247
TARGETS!! 400
TARGETS!! 83
TARGETS!! 190
TARGETS!! 309
TARGETS!! 701
TARGETS!! 465
TARGETS!! 0
TARGETS!! 168
TARGETS!! 578
TARGETS!! 356
TARGETS!! 352
TARGETS!! 241
TARGETS!! 357
TARGETS!! 819
TARGETS!! 203
TARGETS!! 226
TARGETS!! 429
TARGETS!! 188
TARGETS!! 310
TARGETS!! 497
TARGETS!! 389
TARGETS!! 240
TARGETS!! TARGETS!!758
 335
TARGETS!! 273
TARGETS!! 768
TARGETS!! 127
TARGETS!! 586
TARGETS!! 244
TARGETS!! 220
TARGETS!! 811
TARGETS!! 614
TARGETS!! 85
TARGETS!! 559
TARGETS!! 398
TARGETS!! 663
TARGETS!! 552
TARGETS!! 670
TARGETS!! 268
TARGETS!! 333
TARGETS!! 710
TARGETS!! 515
TARGETS!! 90
TARGETS!! 49
TARGETS!! 115
TARGETS!! 412
TARGETS!! 645
TARGETS!! 236
TARGETS!! 276
TARGETS!! 607
TARGETS!! 714
TARGETS!! 595
TARGETS!! 491
TARGETS!! 719
TARGETS!! 660
TARGETS!! 751
TARGETS!! 162
TARGETS!! 500
TARGETS!! 687
TARGETS!! 435
TARGETS!! 758
TARGETS!! 20
TARGETS!! 430
TARGETS!! 340
TARGETS!! 766
TARGETS!! 162
TARGETS!! 353
TARGETS!! 710
[ WARN:0@71.538] global loadsave.cpp:248 findDecoder imread_('../../data/data_full/HDA_processed_cluster_magface/images/5031156_15_M_black_17.jpg'): can't open/read file: check file path/integrity
Warning: Image at path ../../data/data_full/HDA_processed_cluster_magface/images/5031156_15_M_black_17.jpg could not be loaded.
TARGETS!! 692
TARGETS!! 159
TARGETS!! 174
TARGETS!! 442
TARGETS!! 582
TARGETS!! 734
TARGETS!! 309
TARGETS!! 133
TARGETS!! 642
TARGETS!! 685
TARGETS!! 819
TARGETS!! 350
TARGETS!! 123
TARGETS!! 37
TARGETS!! 453
TARGETS!! 166
TARGETS!! 131
TARGETS!! 489
TARGETS!! 366
TARGETS!! 630
TARGETS!! 31
TARGETS!! 420
TARGETS!! 211
TARGETS!! 474
TARGETS!! 45
TARGETS!! 228
TARGETS!! 394
TARGETS!! 472
TARGETS!! 164
TARGETS!! 58
TARGETS!! 463
TARGETS!! 222
TARGETS!! 41
TARGETS!! 401
TARGETS!! 363
TARGETS!! 601
TARGETS!! 12
TARGETS!! 794
TARGETS!! 309
TARGETS!! 773
TARGETS!! 372
TARGETS!! 506
TARGETS!! 43
TARGETS!! 37
TARGETS!! 689
TARGETS!! 149
TARGETS!! 486
TARGETS!! 627
TARGETS!! 723
TARGETS!! 288
TARGETS!! 696
TARGETS!! 108
TARGETS!! 157
TARGETS!! 634
TARGETS!! 46
TARGETS!! 545
TARGETS!! 202
TARGETS!! 463
TARGETS!! 565
TARGETS!! 131
TARGETS!! 283
TARGETS!! 25
TARGETS!! 94
TARGETS!! 306
TARGETS!! 127
TARGETS!! 374
TARGETS!! 388
TARGETS!! 339
TARGETS!! 464
TARGETS!! 681
TARGETS!! 153
TARGETS!! 662
TARGETS!! 189
TARGETS!! 523
TARGETS!! 562
TARGETS!! 84
TARGETS!! 633
TARGETS!! 76
TARGETS!! 583
TARGETS!! 784
TARGETS!! 621
TARGETS!! 17
TARGETS!! 251
TARGETS!! 436
TARGETS!! 485
TARGETS!! 773
TARGETS!! 73
TARGETS!! 222
TARGETS!! 108
TARGETS!! 52
TARGETS!! 784
TARGETS!! 793
TARGETS!! 795
TARGETS!! 482
TARGETS!! 15
TARGETS!! 123
TARGETS!! 460
TARGETS!! 480
TARGETS!! 651
TARGETS!! 373
TARGETS!! 223
TARGETS!! 129
TARGETS!! 345
TARGETS!! 385
TARGETS!! 725
TARGETS!! 748
[ WARN:0@71.872] global loadsave.cpp:248 findDecoder imread_('../../data/data_full/HDA_processed_cluster_magface/images/5202986_13_F_asian_17.jpg'): can't open/read file: check file path/integrity
Warning: Image at path ../../data/data_full/HDA_processed_cluster_magface/images/5202986_13_F_asian_17.jpg could not be loaded.
TARGETS!! 160
TARGETS!! 688
TARGETS!! 282
TARGETS!! 433
TARGETS!! 634
TARGETS!! 449
TARGETS!! 766
TARGETS!! 525
TARGETS!! 327
TARGETS!! 180
TARGETS!! 819
TARGETS!! 79
TARGETS!! 218
TARGETS!! 530
TARGETS!! 560
TARGETS!! 387
TARGETS!! 458
TARGETS!! 13
TARGETS!! 766
TARGETS!! 161
TARGETS!! 66
TARGETS!! 373
TARGETS!! 525
TARGETS!! 766
TARGETS!! 799
TARGETS!! 420
TARGETS!! 412
TARGETS!! 765
TARGETS!! 384
TARGETS!! 723
TARGETS!! 783
TARGETS!! 310
TARGETS!! 610
TARGETS!! 604
TARGETS!! 148
TARGETS!! 302
TARGETS!! 388
TARGETS!! 544
TARGETS!! 272
TARGETS!! 332
TARGETS!! 373
TARGETS!! 123
TARGETS!! 718
TARGETS!! 273
TARGETS!! 368
TARGETS!! 814
TARGETS!! 630
TARGETS!! 471
wandb: | 0.006 MB of 0.014 MB uploadedTARGETS!! 555
TARGETS!! 698
TARGETS!! 734
TARGETS!! 252
TARGETS!! 730
TARGETS!! 42
TARGETS!! 624
TARGETS!! 279
TARGETS!! 506
TARGETS!! 339
TARGETS!! 796
TARGETS!! 619
TARGETS!! 631
TARGETS!! 308
TARGETS!! 66
TARGETS!! 67
TARGETS!! 18
TARGETS!! 382
TARGETS!! 311
TARGETS!! 37
TARGETS!! 613
TARGETS!! 509
TARGETS!! 282
TARGETS!! 137
TARGETS!! 411
TARGETS!! 805
TARGETS!! 511
TARGETS!! 786
TARGETS!! 306
TARGETS!! 587
TARGETS!! 581
wandb: / 0.014 MB of 0.014 MB uploadedTARGETS!! 553
TARGETS!! 799
TARGETS!! 637
TARGETS!! 746
TARGETS!! 285
TARGETS!! 570
TARGETS!! 57
TARGETS!! 545
TARGETS!! 575
TARGETS!! 366
wandb: 🚀 View run magface-fine-tuner at: https://wandb.ai/fair_face_recognition/face-rec-models/runs/qq0v47uq
wandb: ⭐️ View project at: https://wandb.ai/fair_face_recognition/face-rec-models
wandb: Synced 5 W&B file(s), 0 media file(s), 0 artifact file(s) and 0 other file(s)
wandb: Find logs at: ./wandb/run-20240528_183701-qq0v47uq/logs
TARGETS!! 38
TARGETS!! 314
TARGETS!! 49
TARGETS!! 372
TARGETS!! 726
TARGETS!! 403
TARGETS!! 406
TARGETS!! 53
TARGETS!! 246
TARGETS!! 204
TARGETS!! 133
TARGETS!! 718
TARGETS!! 105
TARGETS!! 249
TARGETS!! 634
TARGETS!! 585
TARGETS!! 71
TARGETS!! 59
TARGETS!! 660
TARGETS!! 619
TARGETS!! 756
TARGETS!! 46
TARGETS!! 294
TARGETS!! 27
TARGETS!! 687
TARGETS!! 590
TARGETS!! 664
TARGETS!! 729
TARGETS!! 204
TARGETS!! 267
TARGETS!! 6
TARGETS!! 382
TARGETS!! 418
TARGETS!! 82
TARGETS!! 36
TARGETS!! 196
TARGETS!! 393
TARGETS!! 662
TARGETS!! 116
TARGETS!! 300
TARGETS!! 736
TARGETS!! 30
TARGETS!! 433
TARGETS!! 421
TARGETS!! 554
TARGETS!! 34
TARGETS!! 83
[ WARN:0@73.461] global loadsave.cpp:248 findDecoder imread_('../../data/data_full/HDA_processed_cluster_magface/images/1476401_15_F_middle-eastern_17.jpg'): can't open/read file: check file path/integrity
Warning: Image at path ../../data/data_full/HDA_processed_cluster_magface/images/1476401_15_F_middle-eastern_17.jpg could not be loaded.
TARGETS!! 580
TARGETS!! 117
TARGETS!! 81
TARGETS!! 436
TARGETS!! 613
TARGETS!! 328
TARGETS!! 201
TARGETS!! 516
TARGETS!! 636
TARGETS!! 566
TARGETS!! 289
TARGETS!! 816
TARGETS!! 589
TARGETS!! 562
TARGETS!! 93
TARGETS!! 240
TARGETS!! 241
TARGETS!! 599
TARGETS!! 673
TARGETS!! 557
TARGETS!! 290
TARGETS!! 156
TARGETS!! 82
TARGETS!! 444
TARGETS!! 184
TARGETS!! 367
TARGETS!! 606
TARGETS!! 281
TARGETS!! 195
TARGETS!! 188
TARGETS!! 201
TARGETS!! 84
TARGETS!! 300
TARGETS!! 545
TARGETS!! 300
TARGETS!! 292
TARGETS!! 304
TARGETS!! 726
TARGETS!! 596
TARGETS!! 576
TARGETS!! 197
TARGETS!! 220
TARGETS!! 166
TARGETS!! 783
TARGETS!! 642
TARGETS!! 93
TARGETS!! 45
TARGETS!! 418
TARGETS!! 289
TARGETS!! 761
TARGETS!! 369
TARGETS!! 765
TARGETS!! 700
TARGETS!! 477
TARGETS!! 319
TARGETS!! 684
TARGETS!! 82
TARGETS!! 493
TARGETS!! 430
TARGETS!! 429
TARGETS!! 751
TARGETS!! 378
TARGETS!! 235
TARGETS!! 419
TARGETS!! 730
TARGETS!! 270
TARGETS!! 654
TARGETS!! 628
TARGETS!! 182
TARGETS!! 520
TARGETS!! 126
TARGETS!! 119
TARGETS!! 481
TARGETS!! 232
TARGETS!! 397
TARGETS!! 477
TARGETS!! 621
TARGETS!! 385
TARGETS!! 447
TARGETS!! 128
TARGETS!! 615
TARGETS!! 227
TARGETS!! 82
TARGETS!! 174
TARGETS!! 520
TARGETS!! 782
TARGETS!! 555
TARGETS!! 26
TARGETS!! 191
TARGETS!! 705
TARGETS!! 363
TARGETS!! 625
TARGETS!! 346
TARGETS!! 64
TARGETS!! 805
TARGETS!! 181
TARGETS!! 693
TARGETS!! 258
TARGETS!! 375
TARGETS!! 376
TARGETS!! 257
TARGETS!! 820
TARGETS!! 379
TARGETS!! 302
TARGETS!! 310
TARGETS!! 157
TARGETS!! 356
TARGETS!! 707
TARGETS!! 482
TARGETS!! 116
TARGETS!! 116
TARGETS!! 717
TARGETS!! 571
TARGETS!! 2
TARGETS!! 656
TARGETS!! 485
TARGETS!! 134
TARGETS!! 31
