/work3/s174139/Master_Thesis/MagFace-main/Master_thesis_data_prep
Starting fine tuner script...
PATHHHH /work3/s174139/Master_Thesis/MagFace-main
=> parse the args ...
wandb: Currently logged in as: gabriella-angela (fair_face_recognition). Use `wandb login --relogin` to force relogin
wandb: Tracking run with wandb version 0.17.0
wandb: Run data is saved locally in /work3/s174139/Master_Thesis/MagFace-main/Master_thesis_data_prep/wandb/run-20240514_170125-djj0jqox
wandb: Run `wandb offline` to turn off syncing.
wandb: Syncing run magface-fine-tuner
wandb: â­ï¸ View project at https://wandb.ai/fair_face_recognition/face-rec-models
wandb: ðŸš€ View run at https://wandb.ai/fair_face_recognition/face-rec-models/runs/djj0jqox
{'arc_scale': 64,
 'arch': 'iresnet18',
 'batch_size': 256,
 'cpu_mode': '0',
 'embedding_size': 512,
 'epochs': 5,
 'l_a': 10.0,
 'l_margin': 0.45,
 'lambda_g': 35.0,
 'last_fc_size': 85,
 'lr': 0.1,
 'lr_drop_epoch': [2],
 'lr_drop_ratio': 0.1,
 'momentum': 0.9,
 'pretrained': '../models/magface_iresnet18_casia_dp.pth',
 'print_freq': 10,
 'pth_save_epoch': 1,
 'pth_save_fold': './test/',
 'start_epoch': 0,
 'train_list': '../../data/data_full/HDA_processed_local/fine_tune_train_list_TEST.list',
 'u_a': 110.0,
 'u_margin': 0.8,
 'vis_mag': 1,
 'weight_decay': 0.0005,
 'workers': 4}
min lambda g is 22.586666666666673, currrent lambda is 35.0
=> torch version : 2.2.1+cu121
=> ngpus : 1
Value of args.pretrained: ../models/magface_iresnet18_casia_dp.pth
=> modeling the network ...
MODEL1: SoftmaxBuilder(
  (features): IResNet(
    (conv1): Conv2d(3, 64, kernel_size=(3, 3), stride=(1, 1), padding=(1, 1), bias=False)
    (bn1): BatchNorm2d(64, eps=2e-05, momentum=0.9, affine=True, track_running_stats=True)
    (prelu): PReLU(num_parameters=64)
    (layer1): Sequential(
      (0): IBasicBlock(
        (bn1): BatchNorm2d(64, eps=2e-05, momentum=0.9, affine=True, track_running_stats=True)
        (conv1): Conv2d(64, 64, kernel_size=(3, 3), stride=(1, 1), padding=(1, 1), bias=False)
        (bn2): BatchNorm2d(64, eps=2e-05, momentum=0.9, affine=True, track_running_stats=True)
        (prelu): PReLU(num_parameters=64)
        (conv2): Conv2d(64, 64, kernel_size=(3, 3), stride=(2, 2), padding=(1, 1), bias=False)
        (bn3): BatchNorm2d(64, eps=2e-05, momentum=0.9, affine=True, track_running_stats=True)
        (downsample): Sequential(
          (0): Conv2d(64, 64, kernel_size=(1, 1), stride=(2, 2), bias=False)
          (1): BatchNorm2d(64, eps=2e-05, momentum=0.9, affine=True, track_running_stats=True)
        )
      )
      (1): IBasicBlock(
        (bn1): BatchNorm2d(64, eps=2e-05, momentum=0.9, affine=True, track_running_stats=True)
        (conv1): Conv2d(64, 64, kernel_size=(3, 3), stride=(1, 1), padding=(1, 1), bias=False)
        (bn2): BatchNorm2d(64, eps=2e-05, momentum=0.9, affine=True, track_running_stats=True)
        (prelu): PReLU(num_parameters=64)
        (conv2): Conv2d(64, 64, kernel_size=(3, 3), stride=(1, 1), padding=(1, 1), bias=False)
        (bn3): BatchNorm2d(64, eps=2e-05, momentum=0.9, affine=True, track_running_stats=True)
      )
    )
    (layer2): Sequential(
      (0): IBasicBlock(
        (bn1): BatchNorm2d(64, eps=2e-05, momentum=0.9, affine=True, track_running_stats=True)
        (conv1): Conv2d(64, 128, kernel_size=(3, 3), stride=(1, 1), padding=(1, 1), bias=False)
        (bn2): BatchNorm2d(128, eps=2e-05, momentum=0.9, affine=True, track_running_stats=True)
        (prelu): PReLU(num_parameters=128)
        (conv2): Conv2d(128, 128, kernel_size=(3, 3), stride=(2, 2), padding=(1, 1), bias=False)
        (bn3): BatchNorm2d(128, eps=2e-05, momentum=0.9, affine=True, track_running_stats=True)
        (downsample): Sequential(
          (0): Conv2d(64, 128, kernel_size=(1, 1), stride=(2, 2), bias=False)
          (1): BatchNorm2d(128, eps=2e-05, momentum=0.9, affine=True, track_running_stats=True)
        )
      )
      (1): IBasicBlock(
        (bn1): BatchNorm2d(128, eps=2e-05, momentum=0.9, affine=True, track_running_stats=True)
        (conv1): Conv2d(128, 128, kernel_size=(3, 3), stride=(1, 1), padding=(1, 1), bias=False)
        (bn2): BatchNorm2d(128, eps=2e-05, momentum=0.9, affine=True, track_running_stats=True)
        (prelu): PReLU(num_parameters=128)
        (conv2): Conv2d(128, 128, kernel_size=(3, 3), stride=(1, 1), padding=(1, 1), bias=False)
        (bn3): BatchNorm2d(128, eps=2e-05, momentum=0.9, affine=True, track_running_stats=True)
      )
    )
    (layer3): Sequential(
      (0): IBasicBlock(
        (bn1): BatchNorm2d(128, eps=2e-05, momentum=0.9, affine=True, track_running_stats=True)
        (conv1): Conv2d(128, 256, kernel_size=(3, 3), stride=(1, 1), padding=(1, 1), bias=False)
        (bn2): BatchNorm2d(256, eps=2e-05, momentum=0.9, affine=True, track_running_stats=True)
        (prelu): PReLU(num_parameters=256)
        (conv2): Conv2d(256, 256, kernel_size=(3, 3), stride=(2, 2), padding=(1, 1), bias=False)
        (bn3): BatchNorm2d(256, eps=2e-05, momentum=0.9, affine=True, track_running_stats=True)
        (downsample): Sequential(
          (0): Conv2d(128, 256, kernel_size=(1, 1), stride=(2, 2), bias=False)
          (1): BatchNorm2d(256, eps=2e-05, momentum=0.9, affine=True, track_running_stats=True)
        )
      )
      (1): IBasicBlock(
        (bn1): BatchNorm2d(256, eps=2e-05, momentum=0.9, affine=True, track_running_stats=True)
        (conv1): Conv2d(256, 256, kernel_size=(3, 3), stride=(1, 1), padding=(1, 1), bias=False)
        (bn2): BatchNorm2d(256, eps=2e-05, momentum=0.9, affine=True, track_running_stats=True)
        (prelu): PReLU(num_parameters=256)
        (conv2): Conv2d(256, 256, kernel_size=(3, 3), stride=(1, 1), padding=(1, 1), bias=False)
        (bn3): BatchNorm2d(256, eps=2e-05, momentum=0.9, affine=True, track_running_stats=True)
      )
    )
    (layer4): Sequential(
      (0): IBasicBlock(
        (bn1): BatchNorm2d(256, eps=2e-05, momentum=0.9, affine=True, track_running_stats=True)
        (conv1): Conv2d(256, 512, kernel_size=(3, 3), stride=(1, 1), padding=(1, 1), bias=False)
        (bn2): BatchNorm2d(512, eps=2e-05, momentum=0.9, affine=True, track_running_stats=True)
        (prelu): PReLU(num_parameters=512)
        (conv2): Conv2d(512, 512, kernel_size=(3, 3), stride=(2, 2), padding=(1, 1), bias=False)
        (bn3): BatchNorm2d(512, eps=2e-05, momentum=0.9, affine=True, track_running_stats=True)
        (downsample): Sequential(
          (0): Conv2d(256, 512, kernel_size=(1, 1), stride=(2, 2), bias=False)
          (1): BatchNorm2d(512, eps=2e-05, momentum=0.9, affine=True, track_running_stats=True)
        )
      )
      (1): IBasicBlock(
        (bn1): BatchNorm2d(512, eps=2e-05, momentum=0.9, affine=True, track_running_stats=True)
        (conv1): Conv2d(512, 512, kernel_size=(3, 3), stride=(1, 1), padding=(1, 1), bias=False)
        (bn2): BatchNorm2d(512, eps=2e-05, momentum=0.9, affine=True, track_running_stats=True)
        (prelu): PReLU(num_parameters=512)
        (conv2): Conv2d(512, 512, kernel_size=(3, 3), stride=(1, 1), padding=(1, 1), bias=False)
        (bn3): BatchNorm2d(512, eps=2e-05, momentum=0.9, affine=True, track_running_stats=True)
      )
    )
    (avgpool): AdaptiveAvgPool2d(output_size=(1, 1))
    (bn2): BatchNorm2d(512, eps=2e-05, momentum=0.9, affine=True, track_running_stats=True)
    (dropout): Dropout2d(p=0.4, inplace=True)
    (fc): Linear(in_features=25088, out_features=512, bias=True)
    (features): BatchNorm1d(512, eps=2e-05, momentum=0.9, affine=True, track_running_stats=True)
  )
  (fc): MagLinear()
)
Number of trainable parameters: MODEL 1 24069120
=> loading pth from ../models/magface_iresnet18_casia_dp.pth ...
cpu!!!
K?  features.weight
torch.Size([512, 10572])

new KK 2 fc.weight
=> fc.weight not loaded! Model params: 188, loaded params: 187
HERE
MODEL2: SoftmaxBuilder(
  (features): IResNet(
    (conv1): Conv2d(3, 64, kernel_size=(3, 3), stride=(1, 1), padding=(1, 1), bias=False)
    (bn1): BatchNorm2d(64, eps=2e-05, momentum=0.9, affine=True, track_running_stats=True)
    (prelu): PReLU(num_parameters=64)
    (layer1): Sequential(
      (0): IBasicBlock(
        (bn1): BatchNorm2d(64, eps=2e-05, momentum=0.9, affine=True, track_running_stats=True)
        (conv1): Conv2d(64, 64, kernel_size=(3, 3), stride=(1, 1), padding=(1, 1), bias=False)
        (bn2): BatchNorm2d(64, eps=2e-05, momentum=0.9, affine=True, track_running_stats=True)
        (prelu): PReLU(num_parameters=64)
        (conv2): Conv2d(64, 64, kernel_size=(3, 3), stride=(2, 2), padding=(1, 1), bias=False)
        (bn3): BatchNorm2d(64, eps=2e-05, momentum=0.9, affine=True, track_running_stats=True)
        (downsample): Sequential(
          (0): Conv2d(64, 64, kernel_size=(1, 1), stride=(2, 2), bias=False)
          (1): BatchNorm2d(64, eps=2e-05, momentum=0.9, affine=True, track_running_stats=True)
        )
      )
      (1): IBasicBlock(
        (bn1): BatchNorm2d(64, eps=2e-05, momentum=0.9, affine=True, track_running_stats=True)
        (conv1): Conv2d(64, 64, kernel_size=(3, 3), stride=(1, 1), padding=(1, 1), bias=False)
        (bn2): BatchNorm2d(64, eps=2e-05, momentum=0.9, affine=True, track_running_stats=True)
        (prelu): PReLU(num_parameters=64)
        (conv2): Conv2d(64, 64, kernel_size=(3, 3), stride=(1, 1), padding=(1, 1), bias=False)
        (bn3): BatchNorm2d(64, eps=2e-05, momentum=0.9, affine=True, track_running_stats=True)
      )
    )
    (layer2): Sequential(
      (0): IBasicBlock(
        (bn1): BatchNorm2d(64, eps=2e-05, momentum=0.9, affine=True, track_running_stats=True)
        (conv1): Conv2d(64, 128, kernel_size=(3, 3), stride=(1, 1), padding=(1, 1), bias=False)
        (bn2): BatchNorm2d(128, eps=2e-05, momentum=0.9, affine=True, track_running_stats=True)
        (prelu): PReLU(num_parameters=128)
        (conv2): Conv2d(128, 128, kernel_size=(3, 3), stride=(2, 2), padding=(1, 1), bias=False)
        (bn3): BatchNorm2d(128, eps=2e-05, momentum=0.9, affine=True, track_running_stats=True)
        (downsample): Sequential(
          (0): Conv2d(64, 128, kernel_size=(1, 1), stride=(2, 2), bias=False)
          (1): BatchNorm2d(128, eps=2e-05, momentum=0.9, affine=True, track_running_stats=True)
        )
      )
      (1): IBasicBlock(
        (bn1): BatchNorm2d(128, eps=2e-05, momentum=0.9, affine=True, track_running_stats=True)
        (conv1): Conv2d(128, 128, kernel_size=(3, 3), stride=(1, 1), padding=(1, 1), bias=False)
        (bn2): BatchNorm2d(128, eps=2e-05, momentum=0.9, affine=True, track_running_stats=True)
        (prelu): PReLU(num_parameters=128)
        (conv2): Conv2d(128, 128, kernel_size=(3, 3), stride=(1, 1), padding=(1, 1), bias=False)
        (bn3): BatchNorm2d(128, eps=2e-05, momentum=0.9, affine=True, track_running_stats=True)
      )
    )
    (layer3): Sequential(
      (0): IBasicBlock(
        (bn1): BatchNorm2d(128, eps=2e-05, momentum=0.9, affine=True, track_running_stats=True)
        (conv1): Conv2d(128, 256, kernel_size=(3, 3), stride=(1, 1), padding=(1, 1), bias=False)
        (bn2): BatchNorm2d(256, eps=2e-05, momentum=0.9, affine=True, track_running_stats=True)
        (prelu): PReLU(num_parameters=256)
        (conv2): Conv2d(256, 256, kernel_size=(3, 3), stride=(2, 2), padding=(1, 1), bias=False)
        (bn3): BatchNorm2d(256, eps=2e-05, momentum=0.9, affine=True, track_running_stats=True)
        (downsample): Sequential(
          (0): Conv2d(128, 256, kernel_size=(1, 1), stride=(2, 2), bias=False)
          (1): BatchNorm2d(256, eps=2e-05, momentum=0.9, affine=True, track_running_stats=True)
        )
      )
      (1): IBasicBlock(
        (bn1): BatchNorm2d(256, eps=2e-05, momentum=0.9, affine=True, track_running_stats=True)
        (conv1): Conv2d(256, 256, kernel_size=(3, 3), stride=(1, 1), padding=(1, 1), bias=False)
        (bn2): BatchNorm2d(256, eps=2e-05, momentum=0.9, affine=True, track_running_stats=True)
        (prelu): PReLU(num_parameters=256)
        (conv2): Conv2d(256, 256, kernel_size=(3, 3), stride=(1, 1), padding=(1, 1), bias=False)
        (bn3): BatchNorm2d(256, eps=2e-05, momentum=0.9, affine=True, track_running_stats=True)
      )
    )
    (layer4): Sequential(
      (0): IBasicBlock(
        (bn1): BatchNorm2d(256, eps=2e-05, momentum=0.9, affine=True, track_running_stats=True)
        (conv1): Conv2d(256, 512, kernel_size=(3, 3), stride=(1, 1), padding=(1, 1), bias=False)
        (bn2): BatchNorm2d(512, eps=2e-05, momentum=0.9, affine=True, track_running_stats=True)
        (prelu): PReLU(num_parameters=512)
        (conv2): Conv2d(512, 512, kernel_size=(3, 3), stride=(2, 2), padding=(1, 1), bias=False)
        (bn3): BatchNorm2d(512, eps=2e-05, momentum=0.9, affine=True, track_running_stats=True)
        (downsample): Sequential(
          (0): Conv2d(256, 512, kernel_size=(1, 1), stride=(2, 2), bias=False)
          (1): BatchNorm2d(512, eps=2e-05, momentum=0.9, affine=True, track_running_stats=True)
        )
      )
      (1): IBasicBlock(
        (bn1): BatchNorm2d(512, eps=2e-05, momentum=0.9, affine=True, track_running_stats=True)
        (conv1): Conv2d(512, 512, kernel_size=(3, 3), stride=(1, 1), padding=(1, 1), bias=False)
        (bn2): BatchNorm2d(512, eps=2e-05, momentum=0.9, affine=True, track_running_stats=True)
        (prelu): PReLU(num_parameters=512)
        (conv2): Conv2d(512, 512, kernel_size=(3, 3), stride=(1, 1), padding=(1, 1), bias=False)
        (bn3): BatchNorm2d(512, eps=2e-05, momentum=0.9, affine=True, track_running_stats=True)
      )
    )
    (avgpool): AdaptiveAvgPool2d(output_size=(1, 1))
    (bn2): BatchNorm2d(512, eps=2e-05, momentum=0.9, affine=True, track_running_stats=True)
    (dropout): Dropout2d(p=0.4, inplace=True)
    (fc): Linear(in_features=25088, out_features=512, bias=True)
    (features): BatchNorm1d(512, eps=2e-05, momentum=0.9, affine=True, track_running_stats=True)
  )
  (fc): MagLinear()
)
Number of trainable parameters: MODEL 2 24069120
MODEL3:
=> FREEZING ALL LAYERS EXCEPT fc ...
NAME FC? module.fc.weight
=> building the optimizer ...
SGD (
Parameter Group 0
    dampening: 0
    differentiable: False
    foreach: None
    lr: 0.1
    maximize: False
    momentum: 0.9
    nesterov: False
    weight_decay: 0.0005
)
=> building the dataloader ...
TRAIN LOADER???? <torch.utils.data.dataloader.DataLoader object at 0x7f24f4ff86d0> ARGS: are workers and batch size and train list
=> building the criterion ...
=> starting training engine ...
[codecarbon WARNING @ 17:01:38] Invalid gpu_ids format. Expected a string or a list of ints.
[codecarbon INFO @ 17:01:38] [setup] RAM Tracking...
[codecarbon INFO @ 17:01:38] [setup] GPU Tracking...
[codecarbon INFO @ 17:01:38] Tracking Nvidia GPU via pynvml
[codecarbon INFO @ 17:01:38] [setup] CPU Tracking...
[codecarbon WARNING @ 17:01:38] No CPU tracking mode found. Falling back on CPU constant mode.
[codecarbon WARNING @ 17:01:40] We saw that you have a Intel(R) Xeon(R) Gold 6226R CPU @ 2.90GHz but we don't know it. Please contact us.
[codecarbon INFO @ 17:01:40] CPU Model on constant consumption mode: Intel(R) Xeon(R) Gold 6226R CPU @ 2.90GHz
[codecarbon INFO @ 17:01:40] >>> Tracker's metadata:
[codecarbon INFO @ 17:01:40]   Platform system: Linux-5.4.273-1.el7.elrepo.x86_64-x86_64-with-glibc2.17
[codecarbon INFO @ 17:01:40]   Python version: 3.10.13
[codecarbon INFO @ 17:01:40]   CodeCarbon version: 2.4.1
[codecarbon INFO @ 17:01:40]   Available RAM : 755.555 GB
[codecarbon INFO @ 17:01:40]   CPU count: 32
[codecarbon INFO @ 17:01:40]   CPU model: Intel(R) Xeon(R) Gold 6226R CPU @ 2.90GHz
[codecarbon INFO @ 17:01:40]   GPU count: 1
[codecarbon INFO @ 17:01:40]   GPU model: 1 x NVIDIA A100-PCIE-40GB
LEN TRAIN LOADER: 2
Input batch size: torch.Size([256, 3, 112, 112])
Input batch size: torch.Size([256])
[codecarbon INFO @ 17:01:58] Energy consumed for RAM : 0.001181 kWh. RAM Power : 283.33329248428345 W
[codecarbon INFO @ 17:01:58] Energy consumed for all GPUs : 0.000143 kWh. Total GPU Power : 34.29994505039989 W
[codecarbon INFO @ 17:01:58] Energy consumed for all CPUs : 0.000177 kWh. Total CPU Power : 42.5 W
[codecarbon INFO @ 17:01:58] 0.001501 kWh of electricity used since the beginning.
../aten/src/ATen/native/cuda/ScatterGatherKernel.cu:365: operator(): block: [0,0,0], thread: [0,0,0] Assertion `idx_dim >= 0 && idx_dim < index_size && "index out of bounds"` failed.
../aten/src/ATen/native/cuda/ScatterGatherKernel.cu:365: operator(): block: [0,0,0], thread: [1,0,0] Assertion `idx_dim >= 0 && idx_dim < index_size && "index out of bounds"` failed.
../aten/src/ATen/native/cuda/ScatterGatherKernel.cu:365: operator(): block: [0,0,0], thread: [2,0,0] Assertion `idx_dim >= 0 && idx_dim < index_size && "index out of bounds"` failed.
../aten/src/ATen/native/cuda/ScatterGatherKernel.cu:365: operator(): block: [0,0,0], thread: [3,0,0] Assertion `idx_dim >= 0 && idx_dim < index_size && "index out of bounds"` failed.
../aten/src/ATen/native/cuda/ScatterGatherKernel.cu:365: operator(): block: [0,0,0], thread: [4,0,0] Assertion `idx_dim >= 0 && idx_dim < index_size && "index out of bounds"` failed.
../aten/src/ATen/native/cuda/ScatterGatherKernel.cu:365: operator(): block: [0,0,0], thread: [5,0,0] Assertion `idx_dim >= 0 && idx_dim < index_size && "index out of bounds"` failed.
../aten/src/ATen/native/cuda/ScatterGatherKernel.cu:365: operator(): block: [0,0,0], thread: [6,0,0] Assertion `idx_dim >= 0 && idx_dim < index_size && "index out of bounds"` failed.
../aten/src/ATen/native/cuda/ScatterGatherKernel.cu:365: operator(): block: [0,0,0], thread: [7,0,0] Assertion `idx_dim >= 0 && idx_dim < index_size && "index out of bounds"` failed.
../aten/src/ATen/native/cuda/ScatterGatherKernel.cu:365: operator(): block: [0,0,0], thread: [8,0,0] Assertion `idx_dim >= 0 && idx_dim < index_size && "index out of bounds"` failed.
../aten/src/ATen/native/cuda/ScatterGatherKernel.cu:365: operator(): block: [0,0,0], thread: [9,0,0] Assertion `idx_dim >= 0 && idx_dim < index_size && "index out of bounds"` failed.
../aten/src/ATen/native/cuda/ScatterGatherKernel.cu:365: operator(): block: [0,0,0], thread: [10,0,0] Assertion `idx_dim >= 0 && idx_dim < index_size && "index out of bounds"` failed.
../aten/src/ATen/native/cuda/ScatterGatherKernel.cu:365: operator(): block: [0,0,0], thread: [11,0,0] Assertion `idx_dim >= 0 && idx_dim < index_size && "index out of bounds"` failed.
../aten/src/ATen/native/cuda/ScatterGatherKernel.cu:365: operator(): block: [0,0,0], thread: [12,0,0] Assertion `idx_dim >= 0 && idx_dim < index_size && "index out of bounds"` failed.
../aten/src/ATen/native/cuda/ScatterGatherKernel.cu:365: operator(): block: [0,0,0], thread: [13,0,0] Assertion `idx_dim >= 0 && idx_dim < index_size && "index out of bounds"` failed.
../aten/src/ATen/native/cuda/ScatterGatherKernel.cu:365: operator(): block: [0,0,0], thread: [14,0,0] Assertion `idx_dim >= 0 && idx_dim < index_size && "index out of bounds"` failed.
../aten/src/ATen/native/cuda/ScatterGatherKernel.cu:365: operator(): block: [0,0,0], thread: [15,0,0] Assertion `idx_dim >= 0 && idx_dim < index_size && "index out of bounds"` failed.
../aten/src/ATen/native/cuda/ScatterGatherKernel.cu:365: operator(): block: [0,0,0], thread: [16,0,0] Assertion `idx_dim >= 0 && idx_dim < index_size && "index out of bounds"` failed.
../aten/src/ATen/native/cuda/ScatterGatherKernel.cu:365: operator(): block: [0,0,0], thread: [17,0,0] Assertion `idx_dim >= 0 && idx_dim < index_size && "index out of bounds"` failed.
../aten/src/ATen/native/cuda/ScatterGatherKernel.cu:365: operator(): block: [0,0,0], thread: [18,0,0] Assertion `idx_dim >= 0 && idx_dim < index_size && "index out of bounds"` failed.
../aten/src/ATen/native/cuda/ScatterGatherKernel.cu:365: operator(): block: [0,0,0], thread: [19,0,0] Assertion `idx_dim >= 0 && idx_dim < index_size && "index out of bounds"` failed.
../aten/src/ATen/native/cuda/ScatterGatherKernel.cu:365: operator(): block: [0,0,0], thread: [20,0,0] Assertion `idx_dim >= 0 && idx_dim < index_size && "index out of bounds"` failed.
../aten/src/ATen/native/cuda/ScatterGatherKernel.cu:365: operator(): block: [0,0,0], thread: [21,0,0] Assertion `idx_dim >= 0 && idx_dim < index_size && "index out of bounds"` failed.
../aten/src/ATen/native/cuda/ScatterGatherKernel.cu:365: operator(): block: [0,0,0], thread: [22,0,0] Assertion `idx_dim >= 0 && idx_dim < index_size && "index out of bounds"` failed.
../aten/src/ATen/native/cuda/ScatterGatherKernel.cu:365: operator(): block: [0,0,0], thread: [23,0,0] Assertion `idx_dim >= 0 && idx_dim < index_size && "index out of bounds"` failed.
../aten/src/ATen/native/cuda/ScatterGatherKernel.cu:365: operator(): block: [0,0,0], thread: [24,0,0] Assertion `idx_dim >= 0 && idx_dim < index_size && "index out of bounds"` failed.
../aten/src/ATen/native/cuda/ScatterGatherKernel.cu:365: operator(): block: [0,0,0], thread: [25,0,0] Assertion `idx_dim >= 0 && idx_dim < index_size && "index out of bounds"` failed.
../aten/src/ATen/native/cuda/ScatterGatherKernel.cu:365: operator(): block: [0,0,0], thread: [26,0,0] Assertion `idx_dim >= 0 && idx_dim < index_size && "index out of bounds"` failed.
../aten/src/ATen/native/cuda/ScatterGatherKernel.cu:365: operator(): block: [0,0,0], thread: [27,0,0] Assertion `idx_dim >= 0 && idx_dim < index_size && "index out of bounds"` failed.
../aten/src/ATen/native/cuda/ScatterGatherKernel.cu:365: operator(): block: [0,0,0], thread: [28,0,0] Assertion `idx_dim >= 0 && idx_dim < index_size && "index out of bounds"` failed.
../aten/src/ATen/native/cuda/ScatterGatherKernel.cu:365: operator(): block: [0,0,0], thread: [29,0,0] Assertion `idx_dim >= 0 && idx_dim < index_size && "index out of bounds"` failed.
../aten/src/ATen/native/cuda/ScatterGatherKernel.cu:365: operator(): block: [0,0,0], thread: [30,0,0] Assertion `idx_dim >= 0 && idx_dim < index_size && "index out of bounds"` failed.
../aten/src/ATen/native/cuda/ScatterGatherKernel.cu:365: operator(): block: [0,0,0], thread: [31,0,0] Assertion `idx_dim >= 0 && idx_dim < index_size && "index out of bounds"` failed.
../aten/src/ATen/native/cuda/ScatterGatherKernel.cu:365: operator(): block: [0,0,0], thread: [32,0,0] Assertion `idx_dim >= 0 && idx_dim < index_size && "index out of bounds"` failed.
../aten/src/ATen/native/cuda/ScatterGatherKernel.cu:365: operator(): block: [0,0,0], thread: [33,0,0] Assertion `idx_dim >= 0 && idx_dim < index_size && "index out of bounds"` failed.
../aten/src/ATen/native/cuda/ScatterGatherKernel.cu:365: operator(): block: [0,0,0], thread: [34,0,0] Assertion `idx_dim >= 0 && idx_dim < index_size && "index out of bounds"` failed.
../aten/src/ATen/native/cuda/ScatterGatherKernel.cu:365: operator(): block: [0,0,0], thread: [35,0,0] Assertion `idx_dim >= 0 && idx_dim < index_size && "index out of bounds"` failed.
../aten/src/ATen/native/cuda/ScatterGatherKernel.cu:365: operator(): block: [0,0,0], thread: [36,0,0] Assertion `idx_dim >= 0 && idx_dim < index_size && "index out of bounds"` failed.
../aten/src/ATen/native/cuda/ScatterGatherKernel.cu:365: operator(): block: [0,0,0], thread: [37,0,0] Assertion `idx_dim >= 0 && idx_dim < index_size && "index out of bounds"` failed.
../aten/src/ATen/native/cuda/ScatterGatherKernel.cu:365: operator(): block: [0,0,0], thread: [38,0,0] Assertion `idx_dim >= 0 && idx_dim < index_size && "index out of bounds"` failed.
../aten/src/ATen/native/cuda/ScatterGatherKernel.cu:365: operator(): block: [0,0,0], thread: [39,0,0] Assertion `idx_dim >= 0 && idx_dim < index_size && "index out of bounds"` failed.
../aten/src/ATen/native/cuda/ScatterGatherKernel.cu:365: operator(): block: [0,0,0], thread: [40,0,0] Assertion `idx_dim >= 0 && idx_dim < index_size && "index out of bounds"` failed.
../aten/src/ATen/native/cuda/ScatterGatherKernel.cu:365: operator(): block: [0,0,0], thread: [41,0,0] Assertion `idx_dim >= 0 && idx_dim < index_size && "index out of bounds"` failed.
../aten/src/ATen/native/cuda/ScatterGatherKernel.cu:365: operator(): block: [0,0,0], thread: [42,0,0] Assertion `idx_dim >= 0 && idx_dim < index_size && "index out of bounds"` failed.
../aten/src/ATen/native/cuda/ScatterGatherKernel.cu:365: operator(): block: [0,0,0], thread: [43,0,0] Assertion `idx_dim >= 0 && idx_dim < index_size && "index out of bounds"` failed.
../aten/src/ATen/native/cuda/ScatterGatherKernel.cu:365: operator(): block: [0,0,0], thread: [44,0,0] Assertion `idx_dim >= 0 && idx_dim < index_size && "index out of bounds"` failed.
../aten/src/ATen/native/cuda/ScatterGatherKernel.cu:365: operator(): block: [0,0,0], thread: [45,0,0] Assertion `idx_dim >= 0 && idx_dim < index_size && "index out of bounds"` failed.
../aten/src/ATen/native/cuda/ScatterGatherKernel.cu:365: operator(): block: [0,0,0], thread: [46,0,0] Assertion `idx_dim >= 0 && idx_dim < index_size && "index out of bounds"` failed.
../aten/src/ATen/native/cuda/ScatterGatherKernel.cu:365: operator(): block: [0,0,0], thread: [47,0,0] Assertion `idx_dim >= 0 && idx_dim < index_size && "index out of bounds"` failed.
../aten/src/ATen/native/cuda/ScatterGatherKernel.cu:365: operator(): block: [0,0,0], thread: [48,0,0] Assertion `idx_dim >= 0 && idx_dim < index_size && "index out of bounds"` failed.
../aten/src/ATen/native/cuda/ScatterGatherKernel.cu:365: operator(): block: [0,0,0], thread: [49,0,0] Assertion `idx_dim >= 0 && idx_dim < index_size && "index out of bounds"` failed.
../aten/src/ATen/native/cuda/ScatterGatherKernel.cu:365: operator(): block: [0,0,0], thread: [50,0,0] Assertion `idx_dim >= 0 && idx_dim < index_size && "index out of bounds"` failed.
../aten/src/ATen/native/cuda/ScatterGatherKernel.cu:365: operator(): block: [0,0,0], thread: [51,0,0] Assertion `idx_dim >= 0 && idx_dim < index_size && "index out of bounds"` failed.
../aten/src/ATen/native/cuda/ScatterGatherKernel.cu:365: operator(): block: [0,0,0], thread: [52,0,0] Assertion `idx_dim >= 0 && idx_dim < index_size && "index out of bounds"` failed.
../aten/src/ATen/native/cuda/ScatterGatherKernel.cu:365: operator(): block: [0,0,0], thread: [53,0,0] Assertion `idx_dim >= 0 && idx_dim < index_size && "index out of bounds"` failed.
../aten/src/ATen/native/cuda/ScatterGatherKernel.cu:365: operator(): block: [0,0,0], thread: [54,0,0] Assertion `idx_dim >= 0 && idx_dim < index_size && "index out of bounds"` failed.
../aten/src/ATen/native/cuda/ScatterGatherKernel.cu:365: operator(): block: [0,0,0], thread: [55,0,0] Assertion `idx_dim >= 0 && idx_dim < index_size && "index out of bounds"` failed.
../aten/src/ATen/native/cuda/ScatterGatherKernel.cu:365: operator(): block: [0,0,0], thread: [56,0,0] Assertion `idx_dim >= 0 && idx_dim < index_size && "index out of bounds"` failed.
../aten/src/ATen/native/cuda/ScatterGatherKernel.cu:365: operator(): block: [0,0,0], thread: [57,0,0] Assertion `idx_dim >= 0 && idx_dim < index_size && "index out of bounds"` failed.
../aten/src/ATen/native/cuda/ScatterGatherKernel.cu:365: operator(): block: [0,0,0], thread: [58,0,0] Assertion `idx_dim >= 0 && idx_dim < index_size && "index out of bounds"` failed.
../aten/src/ATen/native/cuda/ScatterGatherKernel.cu:365: operator(): block: [0,0,0], thread: [59,0,0] Assertion `idx_dim >= 0 && idx_dim < index_size && "index out of bounds"` failed.
../aten/src/ATen/native/cuda/ScatterGatherKernel.cu:365: operator(): block: [0,0,0], thread: [60,0,0] Assertion `idx_dim >= 0 && idx_dim < index_size && "index out of bounds"` failed.
../aten/src/ATen/native/cuda/ScatterGatherKernel.cu:365: operator(): block: [0,0,0], thread: [61,0,0] Assertion `idx_dim >= 0 && idx_dim < index_size && "index out of bounds"` failed.
../aten/src/ATen/native/cuda/ScatterGatherKernel.cu:365: operator(): block: [0,0,0], thread: [62,0,0] Assertion `idx_dim >= 0 && idx_dim < index_size && "index out of bounds"` failed.
../aten/src/ATen/native/cuda/ScatterGatherKernel.cu:365: operator(): block: [0,0,0], thread: [63,0,0] Assertion `idx_dim >= 0 && idx_dim < index_size && "index out of bounds"` failed.
../aten/src/ATen/native/cuda/ScatterGatherKernel.cu:365: operator(): block: [0,0,0], thread: [64,0,0] Assertion `idx_dim >= 0 && idx_dim < index_size && "index out of bounds"` failed.
../aten/src/ATen/native/cuda/ScatterGatherKernel.cu:365: operator(): block: [0,0,0], thread: [65,0,0] Assertion `idx_dim >= 0 && idx_dim < index_size && "index out of bounds"` failed.
../aten/src/ATen/native/cuda/ScatterGatherKernel.cu:365: operator(): block: [0,0,0], thread: [66,0,0] Assertion `idx_dim >= 0 && idx_dim < index_size && "index out of bounds"` failed.
../aten/src/ATen/native/cuda/ScatterGatherKernel.cu:365: operator(): block: [0,0,0], thread: [67,0,0] Assertion `idx_dim >= 0 && idx_dim < index_size && "index out of bounds"` failed.
../aten/src/ATen/native/cuda/ScatterGatherKernel.cu:365: operator(): block: [0,0,0], thread: [68,0,0] Assertion `idx_dim >= 0 && idx_dim < index_size && "index out of bounds"` failed.
../aten/src/ATen/native/cuda/ScatterGatherKernel.cu:365: operator(): block: [0,0,0], thread: [69,0,0] Assertion `idx_dim >= 0 && idx_dim < index_size && "index out of bounds"` failed.
../aten/src/ATen/native/cuda/ScatterGatherKernel.cu:365: operator(): block: [0,0,0], thread: [70,0,0] Assertion `idx_dim >= 0 && idx_dim < index_size && "index out of bounds"` failed.
../aten/src/ATen/native/cuda/ScatterGatherKernel.cu:365: operator(): block: [0,0,0], thread: [71,0,0] Assertion `idx_dim >= 0 && idx_dim < index_size && "index out of bounds"` failed.
../aten/src/ATen/native/cuda/ScatterGatherKernel.cu:365: operator(): block: [0,0,0], thread: [72,0,0] Assertion `idx_dim >= 0 && idx_dim < index_size && "index out of bounds"` failed.
../aten/src/ATen/native/cuda/ScatterGatherKernel.cu:365: operator(): block: [0,0,0], thread: [73,0,0] Assertion `idx_dim >= 0 && idx_dim < index_size && "index out of bounds"` failed.
../aten/src/ATen/native/cuda/ScatterGatherKernel.cu:365: operator(): block: [0,0,0], thread: [74,0,0] Assertion `idx_dim >= 0 && idx_dim < index_size && "index out of bounds"` failed.
../aten/src/ATen/native/cuda/ScatterGatherKernel.cu:365: operator(): block: [0,0,0], thread: [75,0,0] Assertion `idx_dim >= 0 && idx_dim < index_size && "index out of bounds"` failed.
../aten/src/ATen/native/cuda/ScatterGatherKernel.cu:365: operator(): block: [0,0,0], thread: [76,0,0] Assertion `idx_dim >= 0 && idx_dim < index_size && "index out of bounds"` failed.
../aten/src/ATen/native/cuda/ScatterGatherKernel.cu:365: operator(): block: [0,0,0], thread: [77,0,0] Assertion `idx_dim >= 0 && idx_dim < index_size && "index out of bounds"` failed.
../aten/src/ATen/native/cuda/ScatterGatherKernel.cu:365: operator(): block: [0,0,0], thread: [78,0,0] Assertion `idx_dim >= 0 && idx_dim < index_size && "index out of bounds"` failed.
../aten/src/ATen/native/cuda/ScatterGatherKernel.cu:365: operator(): block: [0,0,0], thread: [79,0,0] Assertion `idx_dim >= 0 && idx_dim < index_size && "index out of bounds"` failed.
../aten/src/ATen/native/cuda/ScatterGatherKernel.cu:365: operator(): block: [0,0,0], thread: [80,0,0] Assertion `idx_dim >= 0 && idx_dim < index_size && "index out of bounds"` failed.
../aten/src/ATen/native/cuda/ScatterGatherKernel.cu:365: operator(): block: [0,0,0], thread: [81,0,0] Assertion `idx_dim >= 0 && idx_dim < index_size && "index out of bounds"` failed.
../aten/src/ATen/native/cuda/ScatterGatherKernel.cu:365: operator(): block: [0,0,0], thread: [82,0,0] Assertion `idx_dim >= 0 && idx_dim < index_size && "index out of bounds"` failed.
../aten/src/ATen/native/cuda/ScatterGatherKernel.cu:365: operator(): block: [0,0,0], thread: [83,0,0] Assertion `idx_dim >= 0 && idx_dim < index_size && "index out of bounds"` failed.
../aten/src/ATen/native/cuda/ScatterGatherKernel.cu:365: operator(): block: [0,0,0], thread: [84,0,0] Assertion `idx_dim >= 0 && idx_dim < index_size && "index out of bounds"` failed.
../aten/src/ATen/native/cuda/ScatterGatherKernel.cu:365: operator(): block: [0,0,0], thread: [85,0,0] Assertion `idx_dim >= 0 && idx_dim < index_size && "index out of bounds"` failed.
../aten/src/ATen/native/cuda/ScatterGatherKernel.cu:365: operator(): block: [0,0,0], thread: [86,0,0] Assertion `idx_dim >= 0 && idx_dim < index_size && "index out of bounds"` failed.
../aten/src/ATen/native/cuda/ScatterGatherKernel.cu:365: operator(): block: [0,0,0], thread: [87,0,0] Assertion `idx_dim >= 0 && idx_dim < index_size && "index out of bounds"` failed.
../aten/src/ATen/native/cuda/ScatterGatherKernel.cu:365: operator(): block: [0,0,0], thread: [88,0,0] Assertion `idx_dim >= 0 && idx_dim < index_size && "index out of bounds"` failed.
../aten/src/ATen/native/cuda/ScatterGatherKernel.cu:365: operator(): block: [0,0,0], thread: [89,0,0] Assertion `idx_dim >= 0 && idx_dim < index_size && "index out of bounds"` failed.
../aten/src/ATen/native/cuda/ScatterGatherKernel.cu:365: operator(): block: [0,0,0], thread: [90,0,0] Assertion `idx_dim >= 0 && idx_dim < index_size && "index out of bounds"` failed.
../aten/src/ATen/native/cuda/ScatterGatherKernel.cu:365: operator(): block: [0,0,0], thread: [91,0,0] Assertion `idx_dim >= 0 && idx_dim < index_size && "index out of bounds"` failed.
../aten/src/ATen/native/cuda/ScatterGatherKernel.cu:365: operator(): block: [0,0,0], thread: [92,0,0] Assertion `idx_dim >= 0 && idx_dim < index_size && "index out of bounds"` failed.
../aten/src/ATen/native/cuda/ScatterGatherKernel.cu:365: operator(): block: [0,0,0], thread: [93,0,0] Assertion `idx_dim >= 0 && idx_dim < index_size && "index out of bounds"` failed.
../aten/src/ATen/native/cuda/ScatterGatherKernel.cu:365: operator(): block: [0,0,0], thread: [94,0,0] Assertion `idx_dim >= 0 && idx_dim < index_size && "index out of bounds"` failed.
../aten/src/ATen/native/cuda/ScatterGatherKernel.cu:365: operator(): block: [0,0,0], thread: [95,0,0] Assertion `idx_dim >= 0 && idx_dim < index_size && "index out of bounds"` failed.
../aten/src/ATen/native/cuda/ScatterGatherKernel.cu:365: operator(): block: [0,0,0], thread: [96,0,0] Assertion `idx_dim >= 0 && idx_dim < index_size && "index out of bounds"` failed.
../aten/src/ATen/native/cuda/ScatterGatherKernel.cu:365: operator(): block: [0,0,0], thread: [97,0,0] Assertion `idx_dim >= 0 && idx_dim < index_size && "index out of bounds"` failed.
../aten/src/ATen/native/cuda/ScatterGatherKernel.cu:365: operator(): block: [0,0,0], thread: [98,0,0] Assertion `idx_dim >= 0 && idx_dim < index_size && "index out of bounds"` failed.
../aten/src/ATen/native/cuda/ScatterGatherKernel.cu:365: operator(): block: [0,0,0], thread: [99,0,0] Assertion `idx_dim >= 0 && idx_dim < index_size && "index out of bounds"` failed.
../aten/src/ATen/native/cuda/ScatterGatherKernel.cu:365: operator(): block: [0,0,0], thread: [100,0,0] Assertion `idx_dim >= 0 && idx_dim < index_size && "index out of bounds"` failed.
../aten/src/ATen/native/cuda/ScatterGatherKernel.cu:365: operator(): block: [0,0,0], thread: [101,0,0] Assertion `idx_dim >= 0 && idx_dim < index_size && "index out of bounds"` failed.
../aten/src/ATen/native/cuda/ScatterGatherKernel.cu:365: operator(): block: [0,0,0], thread: [102,0,0] Assertion `idx_dim >= 0 && idx_dim < index_size && "index out of bounds"` failed.
../aten/src/ATen/native/cuda/ScatterGatherKernel.cu:365: operator(): block: [0,0,0], thread: [103,0,0] Assertion `idx_dim >= 0 && idx_dim < index_size && "index out of bounds"` failed.
../aten/src/ATen/native/cuda/ScatterGatherKernel.cu:365: operator(): block: [0,0,0], thread: [104,0,0] Assertion `idx_dim >= 0 && idx_dim < index_size && "index out of bounds"` failed.
../aten/src/ATen/native/cuda/ScatterGatherKernel.cu:365: operator(): block: [0,0,0], thread: [105,0,0] Assertion `idx_dim >= 0 && idx_dim < index_size && "index out of bounds"` failed.
../aten/src/ATen/native/cuda/ScatterGatherKernel.cu:365: operator(): block: [0,0,0], thread: [106,0,0] Assertion `idx_dim >= 0 && idx_dim < index_size && "index out of bounds"` failed.
../aten/src/ATen/native/cuda/ScatterGatherKernel.cu:365: operator(): block: [0,0,0], thread: [107,0,0] Assertion `idx_dim >= 0 && idx_dim < index_size && "index out of bounds"` failed.
../aten/src/ATen/native/cuda/ScatterGatherKernel.cu:365: operator(): block: [0,0,0], thread: [108,0,0] Assertion `idx_dim >= 0 && idx_dim < index_size && "index out of bounds"` failed.
../aten/src/ATen/native/cuda/ScatterGatherKernel.cu:365: operator(): block: [0,0,0], thread: [109,0,0] Assertion `idx_dim >= 0 && idx_dim < index_size && "index out of bounds"` failed.
../aten/src/ATen/native/cuda/ScatterGatherKernel.cu:365: operator(): block: [0,0,0], thread: [110,0,0] Assertion `idx_dim >= 0 && idx_dim < index_size && "index out of bounds"` failed.
../aten/src/ATen/native/cuda/ScatterGatherKernel.cu:365: operator(): block: [0,0,0], thread: [111,0,0] Assertion `idx_dim >= 0 && idx_dim < index_size && "index out of bounds"` failed.
../aten/src/ATen/native/cuda/ScatterGatherKernel.cu:365: operator(): block: [0,0,0], thread: [112,0,0] Assertion `idx_dim >= 0 && idx_dim < index_size && "index out of bounds"` failed.
../aten/src/ATen/native/cuda/ScatterGatherKernel.cu:365: operator(): block: [0,0,0], thread: [113,0,0] Assertion `idx_dim >= 0 && idx_dim < index_size && "index out of bounds"` failed.
../aten/src/ATen/native/cuda/ScatterGatherKernel.cu:365: operator(): block: [0,0,0], thread: [114,0,0] Assertion `idx_dim >= 0 && idx_dim < index_size && "index out of bounds"` failed.
../aten/src/ATen/native/cuda/ScatterGatherKernel.cu:365: operator(): block: [0,0,0], thread: [115,0,0] Assertion `idx_dim >= 0 && idx_dim < index_size && "index out of bounds"` failed.
../aten/src/ATen/native/cuda/ScatterGatherKernel.cu:365: operator(): block: [0,0,0], thread: [116,0,0] Assertion `idx_dim >= 0 && idx_dim < index_size && "index out of bounds"` failed.
../aten/src/ATen/native/cuda/ScatterGatherKernel.cu:365: operator(): block: [0,0,0], thread: [117,0,0] Assertion `idx_dim >= 0 && idx_dim < index_size && "index out of bounds"` failed.
../aten/src/ATen/native/cuda/ScatterGatherKernel.cu:365: operator(): block: [0,0,0], thread: [118,0,0] Assertion `idx_dim >= 0 && idx_dim < index_size && "index out of bounds"` failed.
../aten/src/ATen/native/cuda/ScatterGatherKernel.cu:365: operator(): block: [0,0,0], thread: [119,0,0] Assertion `idx_dim >= 0 && idx_dim < index_size && "index out of bounds"` failed.
../aten/src/ATen/native/cuda/ScatterGatherKernel.cu:365: operator(): block: [0,0,0], thread: [120,0,0] Assertion `idx_dim >= 0 && idx_dim < index_size && "index out of bounds"` failed.
../aten/src/ATen/native/cuda/ScatterGatherKernel.cu:365: operator(): block: [0,0,0], thread: [121,0,0] Assertion `idx_dim >= 0 && idx_dim < index_size && "index out of bounds"` failed.
../aten/src/ATen/native/cuda/ScatterGatherKernel.cu:365: operator(): block: [0,0,0], thread: [122,0,0] Assertion `idx_dim >= 0 && idx_dim < index_size && "index out of bounds"` failed.
../aten/src/ATen/native/cuda/ScatterGatherKernel.cu:365: operator(): block: [0,0,0], thread: [123,0,0] Assertion `idx_dim >= 0 && idx_dim < index_size && "index out of bounds"` failed.
../aten/src/ATen/native/cuda/ScatterGatherKernel.cu:365: operator(): block: [0,0,0], thread: [124,0,0] Assertion `idx_dim >= 0 && idx_dim < index_size && "index out of bounds"` failed.
../aten/src/ATen/native/cuda/ScatterGatherKernel.cu:365: operator(): block: [0,0,0], thread: [125,0,0] Assertion `idx_dim >= 0 && idx_dim < index_size && "index out of bounds"` failed.
../aten/src/ATen/native/cuda/ScatterGatherKernel.cu:365: operator(): block: [0,0,0], thread: [126,0,0] Assertion `idx_dim >= 0 && idx_dim < index_size && "index out of bounds"` failed.
../aten/src/ATen/native/cuda/ScatterGatherKernel.cu:365: operator(): block: [0,0,0], thread: [127,0,0] Assertion `idx_dim >= 0 && idx_dim < index_size && "index out of bounds"` failed.
terminate called after throwing an instance of 'c10::Error'
  what():  CUDA error: device-side assert triggered
CUDA kernel errors might be asynchronously reported at some other API call, so the stacktrace below might be incorrect.
For debugging consider passing CUDA_LAUNCH_BLOCKING=1.
Compile with `TORCH_USE_CUDA_DSA` to enable device-side assertions.

Exception raised from c10_cuda_check_implementation at ../c10/cuda/CUDAException.cpp:44 (most recent call first):
frame #0: c10::Error::Error(c10::SourceLocation, std::string) + 0x57 (0x7f256fc9bd87 in /work3/s174139/best_master_remote/lib/python3.10/site-packages/torch/lib/libc10.so)
frame #1: c10::detail::torchCheckFail(char const*, char const*, unsigned int, std::string const&) + 0x64 (0x7f256fc4c75f in /work3/s174139/best_master_remote/lib/python3.10/site-packages/torch/lib/libc10.so)
frame #2: c10::cuda::c10_cuda_check_implementation(int, char const*, char const*, int, bool) + 0x118 (0x7f256fd6c8a8 in /work3/s174139/best_master_remote/lib/python3.10/site-packages/torch/lib/libc10_cuda.so)
frame #3: <unknown function> + 0xfa5656 (0x7f2570d4c656 in /work3/s174139/best_master_remote/lib/python3.10/site-packages/torch/lib/libtorch_cuda.so)
frame #4: <unknown function> + 0x540210 (0x7f25b9d38210 in /work3/s174139/best_master_remote/lib/python3.10/site-packages/torch/lib/libtorch_python.so)
frame #5: <unknown function> + 0x649bf (0x7f256fc809bf in /work3/s174139/best_master_remote/lib/python3.10/site-packages/torch/lib/libc10.so)
frame #6: c10::TensorImpl::~TensorImpl() + 0x21b (0x7f256fc79c8b in /work3/s174139/best_master_remote/lib/python3.10/site-packages/torch/lib/libc10.so)
frame #7: c10::TensorImpl::~TensorImpl() + 0x9 (0x7f256fc79e39 in /work3/s174139/best_master_remote/lib/python3.10/site-packages/torch/lib/libc10.so)
frame #8: <unknown function> + 0x802b98 (0x7f25b9ffab98 in /work3/s174139/best_master_remote/lib/python3.10/site-packages/torch/lib/libtorch_python.so)
frame #9: THPVariable_subclass_dealloc(_object*) + 0x2f6 (0x7f25b9ffaf16 in /work3/s174139/best_master_remote/lib/python3.10/site-packages/torch/lib/libtorch_python.so)
<omitting python frames>
frame #29: __libc_start_main + 0xf5 (0x7f25c2742555 in /lib64/libc.so.6)
frame #30: python() [0x401089]

